{"/home/guest1user1/Documentos/workspace_antigravity/games/v2/plantogen/src/App.tsx": {"path":"/home/guest1user1/Documentos/workspace_antigravity/games/v2/plantogen/src/App.tsx","all":false,"statementMap":{"0":{"start":{"line":1,"column":0},"end":{"line":1,"column":49}},"1":{"start":{"line":2,"column":0},"end":{"line":2,"column":8}},"2":{"start":{"line":3,"column":0},"end":{"line":3,"column":9}},"3":{"start":{"line":4,"column":0},"end":{"line":4,"column":15}},"4":{"start":{"line":5,"column":0},"end":{"line":5,"column":13}},"5":{"start":{"line":6,"column":0},"end":{"line":6,"column":20}},"6":{"start":{"line":7,"column":0},"end":{"line":7,"column":12}},"7":{"start":{"line":8,"column":0},"end":{"line":8,"column":12}},"8":{"start":{"line":9,"column":0},"end":{"line":9,"column":12}},"9":{"start":{"line":10,"column":0},"end":{"line":10,"column":9}},"10":{"start":{"line":11,"column":0},"end":{"line":11,"column":17}},"11":{"start":{"line":12,"column":0},"end":{"line":12,"column":11}},"12":{"start":{"line":13,"column":0},"end":{"line":13,"column":10}},"13":{"start":{"line":14,"column":0},"end":{"line":14,"column":12}},"14":{"start":{"line":15,"column":0},"end":{"line":15,"column":18}},"15":{"start":{"line":16,"column":0},"end":{"line":16,"column":39}},"16":{"start":{"line":17,"column":0},"end":{"line":17,"column":8}},"17":{"start":{"line":18,"column":0},"end":{"line":18,"column":7}},"18":{"start":{"line":19,"column":0},"end":{"line":19,"column":9}},"19":{"start":{"line":20,"column":0},"end":{"line":20,"column":14}},"20":{"start":{"line":21,"column":0},"end":{"line":21,"column":15}},"21":{"start":{"line":22,"column":0},"end":{"line":22,"column":11}},"22":{"start":{"line":23,"column":0},"end":{"line":23,"column":6}},"23":{"start":{"line":24,"column":0},"end":{"line":24,"column":11}},"24":{"start":{"line":25,"column":0},"end":{"line":25,"column":27}},"25":{"start":{"line":26,"column":0},"end":{"line":26,"column":8}},"26":{"start":{"line":27,"column":0},"end":{"line":27,"column":12}},"27":{"start":{"line":28,"column":0},"end":{"line":28,"column":18}},"28":{"start":{"line":29,"column":0},"end":{"line":29,"column":7}},"29":{"start":{"line":30,"column":0},"end":{"line":30,"column":11}},"30":{"start":{"line":31,"column":0},"end":{"line":31,"column":10}},"31":{"start":{"line":32,"column":0},"end":{"line":32,"column":10}},"32":{"start":{"line":33,"column":0},"end":{"line":33,"column":7}},"33":{"start":{"line":34,"column":0},"end":{"line":34,"column":22}},"34":{"start":{"line":35,"column":0},"end":{"line":35,"column":55}},"35":{"start":{"line":36,"column":0},"end":{"line":36,"column":29}},"36":{"start":{"line":37,"column":0},"end":{"line":37,"column":30}},"37":{"start":{"line":38,"column":0},"end":{"line":38,"column":38}},"38":{"start":{"line":39,"column":0},"end":{"line":39,"column":33}},"39":{"start":{"line":40,"column":0},"end":{"line":40,"column":56}},"40":{"start":{"line":41,"column":0},"end":{"line":41,"column":40}},"41":{"start":{"line":42,"column":0},"end":{"line":42,"column":0}},"42":{"start":{"line":43,"column":0},"end":{"line":43,"column":59}},"43":{"start":{"line":44,"column":0},"end":{"line":44,"column":0}},"44":{"start":{"line":45,"column":0},"end":{"line":45,"column":16}},"45":{"start":{"line":46,"column":0},"end":{"line":46,"column":67}},"46":{"start":{"line":47,"column":0},"end":{"line":47,"column":65}},"47":{"start":{"line":48,"column":0},"end":{"line":48,"column":2}},"48":{"start":{"line":49,"column":0},"end":{"line":49,"column":0}},"49":{"start":{"line":50,"column":0},"end":{"line":50,"column":73}},"50":{"start":{"line":51,"column":0},"end":{"line":51,"column":13}},"51":{"start":{"line":52,"column":0},"end":{"line":52,"column":119}},"52":{"start":{"line":53,"column":0},"end":{"line":53,"column":127}},"53":{"start":{"line":54,"column":0},"end":{"line":54,"column":117}},"54":{"start":{"line":55,"column":0},"end":{"line":55,"column":108}},"55":{"start":{"line":56,"column":0},"end":{"line":56,"column":2}},"56":{"start":{"line":57,"column":0},"end":{"line":57,"column":0}},"57":{"start":{"line":58,"column":0},"end":{"line":58,"column":31}},"58":{"start":{"line":59,"column":0},"end":{"line":59,"column":61}},"59":{"start":{"line":60,"column":0},"end":{"line":60,"column":54}},"60":{"start":{"line":61,"column":0},"end":{"line":61,"column":19}},"61":{"start":{"line":62,"column":0},"end":{"line":62,"column":18}},"62":{"start":{"line":63,"column":0},"end":{"line":63,"column":21}},"63":{"start":{"line":64,"column":0},"end":{"line":64,"column":49}},"64":{"start":{"line":65,"column":0},"end":{"line":65,"column":38}},"65":{"start":{"line":66,"column":0},"end":{"line":66,"column":23}},"66":{"start":{"line":67,"column":0},"end":{"line":67,"column":28}},"67":{"start":{"line":68,"column":0},"end":{"line":68,"column":5}},"68":{"start":{"line":69,"column":0},"end":{"line":69,"column":70}},"69":{"start":{"line":70,"column":0},"end":{"line":70,"column":119}},"70":{"start":{"line":71,"column":0},"end":{"line":71,"column":111}},"71":{"start":{"line":72,"column":0},"end":{"line":72,"column":105}},"72":{"start":{"line":73,"column":0},"end":{"line":73,"column":5}},"73":{"start":{"line":74,"column":0},"end":{"line":74,"column":52}},"74":{"start":{"line":75,"column":0},"end":{"line":75,"column":53}},"75":{"start":{"line":76,"column":0},"end":{"line":76,"column":63}},"76":{"start":{"line":77,"column":0},"end":{"line":77,"column":63}},"77":{"start":{"line":78,"column":0},"end":{"line":78,"column":88}},"78":{"start":{"line":79,"column":0},"end":{"line":79,"column":0}},"79":{"start":{"line":80,"column":0},"end":{"line":80,"column":32}},"80":{"start":{"line":81,"column":0},"end":{"line":81,"column":47}},"81":{"start":{"line":82,"column":0},"end":{"line":82,"column":52}},"82":{"start":{"line":83,"column":0},"end":{"line":83,"column":50}},"83":{"start":{"line":84,"column":0},"end":{"line":84,"column":48}},"84":{"start":{"line":85,"column":0},"end":{"line":85,"column":52}},"85":{"start":{"line":86,"column":0},"end":{"line":86,"column":58}},"86":{"start":{"line":87,"column":0},"end":{"line":87,"column":0}},"87":{"start":{"line":88,"column":0},"end":{"line":88,"column":30}},"88":{"start":{"line":89,"column":0},"end":{"line":89,"column":97}},"89":{"start":{"line":90,"column":0},"end":{"line":90,"column":91}},"90":{"start":{"line":91,"column":0},"end":{"line":91,"column":55}},"91":{"start":{"line":92,"column":0},"end":{"line":92,"column":88}},"92":{"start":{"line":93,"column":0},"end":{"line":93,"column":0}},"93":{"start":{"line":94,"column":0},"end":{"line":94,"column":46}},"94":{"start":{"line":95,"column":0},"end":{"line":95,"column":25}},"95":{"start":{"line":96,"column":0},"end":{"line":96,"column":68}},"96":{"start":{"line":97,"column":0},"end":{"line":97,"column":64}},"97":{"start":{"line":98,"column":0},"end":{"line":98,"column":20}},"98":{"start":{"line":99,"column":0},"end":{"line":99,"column":0}},"99":{"start":{"line":100,"column":0},"end":{"line":100,"column":37}},"100":{"start":{"line":101,"column":0},"end":{"line":101,"column":44}},"101":{"start":{"line":102,"column":0},"end":{"line":102,"column":40}},"102":{"start":{"line":103,"column":0},"end":{"line":103,"column":45}},"103":{"start":{"line":104,"column":0},"end":{"line":104,"column":20}},"104":{"start":{"line":105,"column":0},"end":{"line":105,"column":0}},"105":{"start":{"line":106,"column":0},"end":{"line":106,"column":37}},"106":{"start":{"line":107,"column":0},"end":{"line":107,"column":29}},"107":{"start":{"line":108,"column":0},"end":{"line":108,"column":53}},"108":{"start":{"line":109,"column":0},"end":{"line":109,"column":56}},"109":{"start":{"line":110,"column":0},"end":{"line":110,"column":6}},"110":{"start":{"line":111,"column":0},"end":{"line":111,"column":28}},"111":{"start":{"line":112,"column":0},"end":{"line":112,"column":0}},"112":{"start":{"line":113,"column":0},"end":{"line":113,"column":33}},"113":{"start":{"line":114,"column":0},"end":{"line":114,"column":58}},"114":{"start":{"line":115,"column":0},"end":{"line":115,"column":53}},"115":{"start":{"line":116,"column":0},"end":{"line":116,"column":80}},"116":{"start":{"line":117,"column":0},"end":{"line":117,"column":13}},"117":{"start":{"line":118,"column":0},"end":{"line":118,"column":5}},"118":{"start":{"line":119,"column":0},"end":{"line":119,"column":44}},"119":{"start":{"line":120,"column":0},"end":{"line":120,"column":54}},"120":{"start":{"line":121,"column":0},"end":{"line":121,"column":65}},"121":{"start":{"line":122,"column":0},"end":{"line":122,"column":0}},"122":{"start":{"line":123,"column":0},"end":{"line":123,"column":35}},"123":{"start":{"line":124,"column":0},"end":{"line":124,"column":50}},"124":{"start":{"line":125,"column":0},"end":{"line":125,"column":22}},"125":{"start":{"line":126,"column":0},"end":{"line":126,"column":32}},"126":{"start":{"line":127,"column":0},"end":{"line":127,"column":32}},"127":{"start":{"line":128,"column":0},"end":{"line":128,"column":57}},"128":{"start":{"line":129,"column":0},"end":{"line":129,"column":6}},"129":{"start":{"line":130,"column":0},"end":{"line":130,"column":50}},"130":{"start":{"line":131,"column":0},"end":{"line":131,"column":23}},"131":{"start":{"line":132,"column":0},"end":{"line":132,"column":28}},"132":{"start":{"line":133,"column":0},"end":{"line":133,"column":28}},"133":{"start":{"line":134,"column":0},"end":{"line":134,"column":4}},"134":{"start":{"line":135,"column":0},"end":{"line":135,"column":0}},"135":{"start":{"line":136,"column":0},"end":{"line":136,"column":46}},"136":{"start":{"line":137,"column":0},"end":{"line":137,"column":61}},"137":{"start":{"line":138,"column":0},"end":{"line":138,"column":59}},"138":{"start":{"line":139,"column":0},"end":{"line":139,"column":4}},"139":{"start":{"line":140,"column":0},"end":{"line":140,"column":0}},"140":{"start":{"line":141,"column":0},"end":{"line":141,"column":90}},"141":{"start":{"line":142,"column":0},"end":{"line":142,"column":47}},"142":{"start":{"line":143,"column":0},"end":{"line":143,"column":48}},"143":{"start":{"line":144,"column":0},"end":{"line":144,"column":6}},"144":{"start":{"line":145,"column":0},"end":{"line":145,"column":0}},"145":{"start":{"line":146,"column":0},"end":{"line":146,"column":29}},"146":{"start":{"line":147,"column":0},"end":{"line":147,"column":36}},"147":{"start":{"line":148,"column":0},"end":{"line":148,"column":28}},"148":{"start":{"line":149,"column":0},"end":{"line":149,"column":43}},"149":{"start":{"line":150,"column":0},"end":{"line":150,"column":14}},"150":{"start":{"line":151,"column":0},"end":{"line":151,"column":91}},"151":{"start":{"line":152,"column":0},"end":{"line":152,"column":7}},"152":{"start":{"line":153,"column":0},"end":{"line":153,"column":27}},"153":{"start":{"line":154,"column":0},"end":{"line":154,"column":33}},"154":{"start":{"line":155,"column":0},"end":{"line":155,"column":114}},"155":{"start":{"line":156,"column":0},"end":{"line":156,"column":5}},"156":{"start":{"line":157,"column":0},"end":{"line":157,"column":4}},"157":{"start":{"line":158,"column":0},"end":{"line":158,"column":0}},"158":{"start":{"line":159,"column":0},"end":{"line":159,"column":34}},"159":{"start":{"line":160,"column":0},"end":{"line":160,"column":32}},"160":{"start":{"line":161,"column":0},"end":{"line":161,"column":53}},"161":{"start":{"line":162,"column":0},"end":{"line":162,"column":56}},"162":{"start":{"line":163,"column":0},"end":{"line":163,"column":7}},"163":{"start":{"line":164,"column":0},"end":{"line":164,"column":4}},"164":{"start":{"line":165,"column":0},"end":{"line":165,"column":0}},"165":{"start":{"line":166,"column":0},"end":{"line":166,"column":30}},"166":{"start":{"line":167,"column":0},"end":{"line":167,"column":43}},"167":{"start":{"line":168,"column":0},"end":{"line":168,"column":34}},"168":{"start":{"line":169,"column":0},"end":{"line":169,"column":0}},"169":{"start":{"line":170,"column":0},"end":{"line":170,"column":32}},"170":{"start":{"line":171,"column":0},"end":{"line":171,"column":45}},"171":{"start":{"line":172,"column":0},"end":{"line":172,"column":88}},"172":{"start":{"line":173,"column":0},"end":{"line":173,"column":24}},"173":{"start":{"line":174,"column":0},"end":{"line":174,"column":74}},"174":{"start":{"line":175,"column":0},"end":{"line":175,"column":102}},"175":{"start":{"line":176,"column":0},"end":{"line":176,"column":0}},"176":{"start":{"line":177,"column":0},"end":{"line":177,"column":45}},"177":{"start":{"line":178,"column":0},"end":{"line":178,"column":27}},"178":{"start":{"line":179,"column":0},"end":{"line":179,"column":91}},"179":{"start":{"line":180,"column":0},"end":{"line":180,"column":11}},"180":{"start":{"line":181,"column":0},"end":{"line":181,"column":0}},"181":{"start":{"line":182,"column":0},"end":{"line":182,"column":82}},"182":{"start":{"line":183,"column":0},"end":{"line":183,"column":75}},"183":{"start":{"line":184,"column":0},"end":{"line":184,"column":0}},"184":{"start":{"line":185,"column":0},"end":{"line":185,"column":26}},"185":{"start":{"line":186,"column":0},"end":{"line":186,"column":56}},"186":{"start":{"line":187,"column":0},"end":{"line":187,"column":22}},"187":{"start":{"line":188,"column":0},"end":{"line":188,"column":47}},"188":{"start":{"line":189,"column":0},"end":{"line":189,"column":41}},"189":{"start":{"line":190,"column":0},"end":{"line":190,"column":13}},"190":{"start":{"line":191,"column":0},"end":{"line":191,"column":9}},"191":{"start":{"line":192,"column":0},"end":{"line":192,"column":9}},"192":{"start":{"line":193,"column":0},"end":{"line":193,"column":7}},"193":{"start":{"line":194,"column":0},"end":{"line":194,"column":25}},"194":{"start":{"line":195,"column":0},"end":{"line":195,"column":4}},"195":{"start":{"line":196,"column":0},"end":{"line":196,"column":0}},"196":{"start":{"line":197,"column":0},"end":{"line":197,"column":29}},"197":{"start":{"line":198,"column":0},"end":{"line":198,"column":60}},"198":{"start":{"line":199,"column":0},"end":{"line":199,"column":0}},"199":{"start":{"line":200,"column":0},"end":{"line":200,"column":66}},"200":{"start":{"line":201,"column":0},"end":{"line":201,"column":62}},"201":{"start":{"line":202,"column":0},"end":{"line":202,"column":0}},"202":{"start":{"line":203,"column":0},"end":{"line":203,"column":36}},"203":{"start":{"line":204,"column":0},"end":{"line":204,"column":0}},"204":{"start":{"line":205,"column":0},"end":{"line":205,"column":59}},"205":{"start":{"line":206,"column":0},"end":{"line":206,"column":34}},"206":{"start":{"line":207,"column":0},"end":{"line":207,"column":0}},"207":{"start":{"line":208,"column":0},"end":{"line":208,"column":33}},"208":{"start":{"line":209,"column":0},"end":{"line":209,"column":45}},"209":{"start":{"line":210,"column":0},"end":{"line":210,"column":70}},"210":{"start":{"line":211,"column":0},"end":{"line":211,"column":0}},"211":{"start":{"line":212,"column":0},"end":{"line":212,"column":29}},"212":{"start":{"line":213,"column":0},"end":{"line":213,"column":54}},"213":{"start":{"line":214,"column":0},"end":{"line":214,"column":51}},"214":{"start":{"line":215,"column":0},"end":{"line":215,"column":10}},"215":{"start":{"line":216,"column":0},"end":{"line":216,"column":0}},"216":{"start":{"line":217,"column":0},"end":{"line":217,"column":33}},"217":{"start":{"line":218,"column":0},"end":{"line":218,"column":99}},"218":{"start":{"line":219,"column":0},"end":{"line":219,"column":16}},"219":{"start":{"line":220,"column":0},"end":{"line":220,"column":26}},"220":{"start":{"line":221,"column":0},"end":{"line":221,"column":56}},"221":{"start":{"line":222,"column":0},"end":{"line":222,"column":22}},"222":{"start":{"line":223,"column":0},"end":{"line":223,"column":17}},"223":{"start":{"line":224,"column":0},"end":{"line":224,"column":40}},"224":{"start":{"line":225,"column":0},"end":{"line":225,"column":13}},"225":{"start":{"line":226,"column":0},"end":{"line":226,"column":9}},"226":{"start":{"line":227,"column":0},"end":{"line":227,"column":9}},"227":{"start":{"line":228,"column":0},"end":{"line":228,"column":7}},"228":{"start":{"line":229,"column":0},"end":{"line":229,"column":0}},"229":{"start":{"line":230,"column":0},"end":{"line":230,"column":25}},"230":{"start":{"line":231,"column":0},"end":{"line":231,"column":59}},"231":{"start":{"line":232,"column":0},"end":{"line":232,"column":4}},"232":{"start":{"line":233,"column":0},"end":{"line":233,"column":0}},"233":{"start":{"line":234,"column":0},"end":{"line":234,"column":29}},"234":{"start":{"line":235,"column":0},"end":{"line":235,"column":30}},"235":{"start":{"line":236,"column":0},"end":{"line":236,"column":27}},"236":{"start":{"line":237,"column":0},"end":{"line":237,"column":25}},"237":{"start":{"line":238,"column":0},"end":{"line":238,"column":37}},"238":{"start":{"line":239,"column":0},"end":{"line":239,"column":39}},"239":{"start":{"line":240,"column":0},"end":{"line":240,"column":31}},"240":{"start":{"line":241,"column":0},"end":{"line":241,"column":41}},"241":{"start":{"line":242,"column":0},"end":{"line":242,"column":29}},"242":{"start":{"line":243,"column":0},"end":{"line":243,"column":56}},"243":{"start":{"line":244,"column":0},"end":{"line":244,"column":6}},"244":{"start":{"line":245,"column":0},"end":{"line":245,"column":58}},"245":{"start":{"line":246,"column":0},"end":{"line":246,"column":0}},"246":{"start":{"line":247,"column":0},"end":{"line":247,"column":33}},"247":{"start":{"line":248,"column":0},"end":{"line":248,"column":23}},"248":{"start":{"line":249,"column":0},"end":{"line":249,"column":30}},"249":{"start":{"line":250,"column":0},"end":{"line":250,"column":30}},"250":{"start":{"line":251,"column":0},"end":{"line":251,"column":6}},"251":{"start":{"line":252,"column":0},"end":{"line":252,"column":0}},"252":{"start":{"line":253,"column":0},"end":{"line":253,"column":19}},"253":{"start":{"line":254,"column":0},"end":{"line":254,"column":25}},"254":{"start":{"line":255,"column":0},"end":{"line":255,"column":55}},"255":{"start":{"line":256,"column":0},"end":{"line":256,"column":6}},"256":{"start":{"line":257,"column":0},"end":{"line":257,"column":0}},"257":{"start":{"line":258,"column":0},"end":{"line":258,"column":38}},"258":{"start":{"line":259,"column":0},"end":{"line":259,"column":33}},"259":{"start":{"line":260,"column":0},"end":{"line":260,"column":0}},"260":{"start":{"line":261,"column":0},"end":{"line":261,"column":35}},"261":{"start":{"line":262,"column":0},"end":{"line":262,"column":36}},"262":{"start":{"line":263,"column":0},"end":{"line":263,"column":50}},"263":{"start":{"line":264,"column":0},"end":{"line":264,"column":61}},"264":{"start":{"line":265,"column":0},"end":{"line":265,"column":0}},"265":{"start":{"line":266,"column":0},"end":{"line":266,"column":42}},"266":{"start":{"line":267,"column":0},"end":{"line":267,"column":0}},"267":{"start":{"line":268,"column":0},"end":{"line":268,"column":65}},"268":{"start":{"line":269,"column":0},"end":{"line":269,"column":0}},"269":{"start":{"line":270,"column":0},"end":{"line":270,"column":44}},"270":{"start":{"line":271,"column":0},"end":{"line":271,"column":28}},"271":{"start":{"line":272,"column":0},"end":{"line":272,"column":64}},"272":{"start":{"line":273,"column":0},"end":{"line":273,"column":16}},"273":{"start":{"line":274,"column":0},"end":{"line":274,"column":54}},"274":{"start":{"line":275,"column":0},"end":{"line":275,"column":107}},"275":{"start":{"line":276,"column":0},"end":{"line":276,"column":0}},"276":{"start":{"line":277,"column":0},"end":{"line":277,"column":30}},"277":{"start":{"line":278,"column":0},"end":{"line":278,"column":42}},"278":{"start":{"line":279,"column":0},"end":{"line":279,"column":18}},"279":{"start":{"line":280,"column":0},"end":{"line":280,"column":29}},"280":{"start":{"line":281,"column":0},"end":{"line":281,"column":32}},"281":{"start":{"line":282,"column":0},"end":{"line":282,"column":42}},"282":{"start":{"line":283,"column":0},"end":{"line":283,"column":74}},"283":{"start":{"line":284,"column":0},"end":{"line":284,"column":70}},"284":{"start":{"line":285,"column":0},"end":{"line":285,"column":32}},"285":{"start":{"line":286,"column":0},"end":{"line":286,"column":15}},"286":{"start":{"line":287,"column":0},"end":{"line":287,"column":66}},"287":{"start":{"line":288,"column":0},"end":{"line":288,"column":11}},"288":{"start":{"line":289,"column":0},"end":{"line":289,"column":9}},"289":{"start":{"line":290,"column":0},"end":{"line":290,"column":0}},"290":{"start":{"line":291,"column":0},"end":{"line":291,"column":62}},"291":{"start":{"line":292,"column":0},"end":{"line":292,"column":27}},"292":{"start":{"line":293,"column":0},"end":{"line":293,"column":30}},"293":{"start":{"line":294,"column":0},"end":{"line":294,"column":40}},"294":{"start":{"line":295,"column":0},"end":{"line":295,"column":72}},"295":{"start":{"line":296,"column":0},"end":{"line":296,"column":68}},"296":{"start":{"line":297,"column":0},"end":{"line":297,"column":30}},"297":{"start":{"line":298,"column":0},"end":{"line":298,"column":13}},"298":{"start":{"line":299,"column":0},"end":{"line":299,"column":9}},"299":{"start":{"line":300,"column":0},"end":{"line":300,"column":9}},"300":{"start":{"line":301,"column":0},"end":{"line":301,"column":7}},"301":{"start":{"line":302,"column":0},"end":{"line":302,"column":0}},"302":{"start":{"line":303,"column":0},"end":{"line":303,"column":56}},"303":{"start":{"line":304,"column":0},"end":{"line":304,"column":0}},"304":{"start":{"line":305,"column":0},"end":{"line":305,"column":41}},"305":{"start":{"line":306,"column":0},"end":{"line":306,"column":23}},"306":{"start":{"line":307,"column":0},"end":{"line":307,"column":26}},"307":{"start":{"line":308,"column":0},"end":{"line":308,"column":31}},"308":{"start":{"line":309,"column":0},"end":{"line":309,"column":37}},"309":{"start":{"line":310,"column":0},"end":{"line":310,"column":35}},"310":{"start":{"line":311,"column":0},"end":{"line":311,"column":34}},"311":{"start":{"line":312,"column":0},"end":{"line":312,"column":6}},"312":{"start":{"line":313,"column":0},"end":{"line":313,"column":0}},"313":{"start":{"line":314,"column":0},"end":{"line":314,"column":22}},"314":{"start":{"line":315,"column":0},"end":{"line":315,"column":37}},"315":{"start":{"line":316,"column":0},"end":{"line":316,"column":53}},"316":{"start":{"line":317,"column":0},"end":{"line":317,"column":61}},"317":{"start":{"line":318,"column":0},"end":{"line":318,"column":0}},"318":{"start":{"line":319,"column":0},"end":{"line":319,"column":24}},"319":{"start":{"line":320,"column":0},"end":{"line":320,"column":53}},"320":{"start":{"line":321,"column":0},"end":{"line":321,"column":72}},"321":{"start":{"line":322,"column":0},"end":{"line":322,"column":88}},"322":{"start":{"line":323,"column":0},"end":{"line":323,"column":0}},"323":{"start":{"line":324,"column":0},"end":{"line":324,"column":33}},"324":{"start":{"line":325,"column":0},"end":{"line":325,"column":22}},"325":{"start":{"line":326,"column":0},"end":{"line":326,"column":4}},"326":{"start":{"line":327,"column":0},"end":{"line":327,"column":0}},"327":{"start":{"line":328,"column":0},"end":{"line":328,"column":37}},"328":{"start":{"line":329,"column":0},"end":{"line":329,"column":28}},"329":{"start":{"line":330,"column":0},"end":{"line":330,"column":24}},"330":{"start":{"line":331,"column":0},"end":{"line":331,"column":71}},"331":{"start":{"line":332,"column":0},"end":{"line":332,"column":24}},"332":{"start":{"line":333,"column":0},"end":{"line":333,"column":88}},"333":{"start":{"line":334,"column":0},"end":{"line":334,"column":106}},"334":{"start":{"line":335,"column":0},"end":{"line":335,"column":24}},"335":{"start":{"line":336,"column":0},"end":{"line":336,"column":89}},"336":{"start":{"line":337,"column":0},"end":{"line":337,"column":57}},"337":{"start":{"line":338,"column":0},"end":{"line":338,"column":22}},"338":{"start":{"line":339,"column":0},"end":{"line":339,"column":4}},"339":{"start":{"line":340,"column":0},"end":{"line":340,"column":0}},"340":{"start":{"line":341,"column":0},"end":{"line":341,"column":30}},"341":{"start":{"line":342,"column":0},"end":{"line":342,"column":109}},"342":{"start":{"line":343,"column":0},"end":{"line":343,"column":74}},"343":{"start":{"line":344,"column":0},"end":{"line":344,"column":39}},"344":{"start":{"line":345,"column":0},"end":{"line":345,"column":21}},"345":{"start":{"line":346,"column":0},"end":{"line":346,"column":4}},"346":{"start":{"line":347,"column":0},"end":{"line":347,"column":0}},"347":{"start":{"line":348,"column":0},"end":{"line":348,"column":28}},"348":{"start":{"line":349,"column":0},"end":{"line":349,"column":30}},"349":{"start":{"line":350,"column":0},"end":{"line":350,"column":25}},"350":{"start":{"line":351,"column":0},"end":{"line":351,"column":26}},"351":{"start":{"line":352,"column":0},"end":{"line":352,"column":66}},"352":{"start":{"line":353,"column":0},"end":{"line":353,"column":4}},"353":{"start":{"line":354,"column":0},"end":{"line":354,"column":0}},"354":{"start":{"line":355,"column":0},"end":{"line":355,"column":25}},"355":{"start":{"line":356,"column":0},"end":{"line":356,"column":58}},"356":{"start":{"line":357,"column":0},"end":{"line":357,"column":20}},"357":{"start":{"line":358,"column":0},"end":{"line":358,"column":42}},"358":{"start":{"line":359,"column":0},"end":{"line":359,"column":24}},"359":{"start":{"line":360,"column":0},"end":{"line":360,"column":25}},"360":{"start":{"line":361,"column":0},"end":{"line":361,"column":5}},"361":{"start":{"line":362,"column":0},"end":{"line":362,"column":9}},"362":{"start":{"line":363,"column":0},"end":{"line":363,"column":0}},"363":{"start":{"line":364,"column":0},"end":{"line":364,"column":19}},"364":{"start":{"line":365,"column":0},"end":{"line":365,"column":12}},"365":{"start":{"line":366,"column":0},"end":{"line":366,"column":86}},"366":{"start":{"line":367,"column":0},"end":{"line":367,"column":19}},"367":{"start":{"line":368,"column":0},"end":{"line":368,"column":41}},"368":{"start":{"line":369,"column":0},"end":{"line":369,"column":40}},"369":{"start":{"line":370,"column":0},"end":{"line":370,"column":73}},"370":{"start":{"line":371,"column":0},"end":{"line":371,"column":9}},"371":{"start":{"line":372,"column":0},"end":{"line":372,"column":71}},"372":{"start":{"line":373,"column":0},"end":{"line":373,"column":142}},"373":{"start":{"line":374,"column":0},"end":{"line":374,"column":40}},"374":{"start":{"line":375,"column":0},"end":{"line":375,"column":18}},"375":{"start":{"line":376,"column":0},"end":{"line":376,"column":81}},"376":{"start":{"line":377,"column":0},"end":{"line":377,"column":92}},"377":{"start":{"line":378,"column":0},"end":{"line":378,"column":16}},"378":{"start":{"line":379,"column":0},"end":{"line":379,"column":0}},"379":{"start":{"line":380,"column":0},"end":{"line":380,"column":37}},"380":{"start":{"line":381,"column":0},"end":{"line":381,"column":39}},"381":{"start":{"line":382,"column":0},"end":{"line":382,"column":118}},"382":{"start":{"line":383,"column":0},"end":{"line":383,"column":20}},"383":{"start":{"line":384,"column":0},"end":{"line":384,"column":27}},"384":{"start":{"line":385,"column":0},"end":{"line":385,"column":32}},"385":{"start":{"line":386,"column":0},"end":{"line":386,"column":71}},"386":{"start":{"line":387,"column":0},"end":{"line":387,"column":52}},"387":{"start":{"line":388,"column":0},"end":{"line":388,"column":44}},"388":{"start":{"line":389,"column":0},"end":{"line":389,"column":157}},"389":{"start":{"line":390,"column":0},"end":{"line":390,"column":16}},"390":{"start":{"line":391,"column":0},"end":{"line":391,"column":18}},"391":{"start":{"line":392,"column":0},"end":{"line":392,"column":0}},"392":{"start":{"line":393,"column":0},"end":{"line":393,"column":19}},"393":{"start":{"line":394,"column":0},"end":{"line":394,"column":30}},"394":{"start":{"line":395,"column":0},"end":{"line":395,"column":31}},"395":{"start":{"line":396,"column":0},"end":{"line":396,"column":37}},"396":{"start":{"line":397,"column":0},"end":{"line":397,"column":35}},"397":{"start":{"line":398,"column":0},"end":{"line":398,"column":24}},"398":{"start":{"line":399,"column":0},"end":{"line":399,"column":60}},"399":{"start":{"line":400,"column":0},"end":{"line":400,"column":34}},"400":{"start":{"line":401,"column":0},"end":{"line":401,"column":17}},"401":{"start":{"line":402,"column":0},"end":{"line":402,"column":16}},"402":{"start":{"line":403,"column":0},"end":{"line":403,"column":174}},"403":{"start":{"line":404,"column":0},"end":{"line":404,"column":13}},"404":{"start":{"line":405,"column":0},"end":{"line":405,"column":32}},"405":{"start":{"line":406,"column":0},"end":{"line":406,"column":21}},"406":{"start":{"line":407,"column":0},"end":{"line":407,"column":0}},"407":{"start":{"line":408,"column":0},"end":{"line":408,"column":97}},"408":{"start":{"line":409,"column":0},"end":{"line":409,"column":16}},"409":{"start":{"line":410,"column":0},"end":{"line":410,"column":0}},"410":{"start":{"line":411,"column":0},"end":{"line":411,"column":75}},"411":{"start":{"line":412,"column":0},"end":{"line":412,"column":111}},"412":{"start":{"line":413,"column":0},"end":{"line":413,"column":78}},"413":{"start":{"line":414,"column":0},"end":{"line":414,"column":16}},"414":{"start":{"line":415,"column":0},"end":{"line":415,"column":21}},"415":{"start":{"line":416,"column":0},"end":{"line":416,"column":12}},"416":{"start":{"line":417,"column":0},"end":{"line":417,"column":6}},"417":{"start":{"line":418,"column":0},"end":{"line":418,"column":3}},"418":{"start":{"line":419,"column":0},"end":{"line":419,"column":0}},"419":{"start":{"line":420,"column":0},"end":{"line":420,"column":10}},"420":{"start":{"line":421,"column":0},"end":{"line":421,"column":95}},"421":{"start":{"line":422,"column":0},"end":{"line":422,"column":32}},"422":{"start":{"line":423,"column":0},"end":{"line":423,"column":23}},"423":{"start":{"line":424,"column":0},"end":{"line":424,"column":22}},"424":{"start":{"line":425,"column":0},"end":{"line":425,"column":21}},"425":{"start":{"line":426,"column":0},"end":{"line":426,"column":36}},"426":{"start":{"line":427,"column":0},"end":{"line":427,"column":36}},"427":{"start":{"line":428,"column":0},"end":{"line":428,"column":33}},"428":{"start":{"line":429,"column":0},"end":{"line":429,"column":115}},"429":{"start":{"line":430,"column":0},"end":{"line":430,"column":11}},"430":{"start":{"line":431,"column":0},"end":{"line":431,"column":92}},"431":{"start":{"line":432,"column":0},"end":{"line":432,"column":102}},"432":{"start":{"line":433,"column":0},"end":{"line":433,"column":21}},"433":{"start":{"line":434,"column":0},"end":{"line":434,"column":50}},"434":{"start":{"line":435,"column":0},"end":{"line":435,"column":120}},"435":{"start":{"line":436,"column":0},"end":{"line":436,"column":15}},"436":{"start":{"line":437,"column":0},"end":{"line":437,"column":23}},"437":{"start":{"line":438,"column":0},"end":{"line":438,"column":23}},"438":{"start":{"line":439,"column":0},"end":{"line":439,"column":21}},"439":{"start":{"line":440,"column":0},"end":{"line":440,"column":32}},"440":{"start":{"line":441,"column":0},"end":{"line":441,"column":37}},"441":{"start":{"line":442,"column":0},"end":{"line":442,"column":37}},"442":{"start":{"line":443,"column":0},"end":{"line":443,"column":18}},"443":{"start":{"line":444,"column":0},"end":{"line":444,"column":122}},"444":{"start":{"line":445,"column":0},"end":{"line":445,"column":15}},"445":{"start":{"line":446,"column":0},"end":{"line":446,"column":29}},"446":{"start":{"line":447,"column":0},"end":{"line":447,"column":23}},"447":{"start":{"line":448,"column":0},"end":{"line":448,"column":21}},"448":{"start":{"line":449,"column":0},"end":{"line":449,"column":56}},"449":{"start":{"line":450,"column":0},"end":{"line":450,"column":118}},"450":{"start":{"line":451,"column":0},"end":{"line":451,"column":15}},"451":{"start":{"line":452,"column":0},"end":{"line":452,"column":36}},"452":{"start":{"line":453,"column":0},"end":{"line":453,"column":23}},"453":{"start":{"line":454,"column":0},"end":{"line":454,"column":18}},"454":{"start":{"line":455,"column":0},"end":{"line":455,"column":23}},"455":{"start":{"line":456,"column":0},"end":{"line":456,"column":10}},"456":{"start":{"line":457,"column":0},"end":{"line":457,"column":24}},"457":{"start":{"line":458,"column":0},"end":{"line":458,"column":0}},"458":{"start":{"line":459,"column":0},"end":{"line":459,"column":25}},"459":{"start":{"line":460,"column":0},"end":{"line":460,"column":23}},"460":{"start":{"line":461,"column":0},"end":{"line":461,"column":23}},"461":{"start":{"line":462,"column":0},"end":{"line":462,"column":21}},"462":{"start":{"line":463,"column":0},"end":{"line":463,"column":36}},"463":{"start":{"line":464,"column":0},"end":{"line":464,"column":36}},"464":{"start":{"line":465,"column":0},"end":{"line":465,"column":33}},"465":{"start":{"line":466,"column":0},"end":{"line":466,"column":115}},"466":{"start":{"line":467,"column":0},"end":{"line":467,"column":11}},"467":{"start":{"line":468,"column":0},"end":{"line":468,"column":80}},"468":{"start":{"line":469,"column":0},"end":{"line":469,"column":71}},"469":{"start":{"line":470,"column":0},"end":{"line":470,"column":56}},"470":{"start":{"line":471,"column":0},"end":{"line":471,"column":102}},"471":{"start":{"line":472,"column":0},"end":{"line":472,"column":20}},"472":{"start":{"line":473,"column":0},"end":{"line":473,"column":80}},"473":{"start":{"line":474,"column":0},"end":{"line":474,"column":117}},"474":{"start":{"line":475,"column":0},"end":{"line":475,"column":112}},"475":{"start":{"line":476,"column":0},"end":{"line":476,"column":128}},"476":{"start":{"line":477,"column":0},"end":{"line":477,"column":121}},"477":{"start":{"line":478,"column":0},"end":{"line":478,"column":20}},"478":{"start":{"line":479,"column":0},"end":{"line":479,"column":21}},"479":{"start":{"line":480,"column":0},"end":{"line":480,"column":51}},"480":{"start":{"line":481,"column":0},"end":{"line":481,"column":118}},"481":{"start":{"line":482,"column":0},"end":{"line":482,"column":15}},"482":{"start":{"line":483,"column":0},"end":{"line":483,"column":23}},"483":{"start":{"line":484,"column":0},"end":{"line":484,"column":23}},"484":{"start":{"line":485,"column":0},"end":{"line":485,"column":18}},"485":{"start":{"line":486,"column":0},"end":{"line":486,"column":23}},"486":{"start":{"line":487,"column":0},"end":{"line":487,"column":10}},"487":{"start":{"line":488,"column":0},"end":{"line":488,"column":24}},"488":{"start":{"line":489,"column":0},"end":{"line":489,"column":20}},"489":{"start":{"line":490,"column":0},"end":{"line":490,"column":133}},"490":{"start":{"line":491,"column":0},"end":{"line":491,"column":49}},"491":{"start":{"line":492,"column":0},"end":{"line":492,"column":134}},"492":{"start":{"line":493,"column":0},"end":{"line":493,"column":38}},"493":{"start":{"line":494,"column":0},"end":{"line":494,"column":16}},"494":{"start":{"line":495,"column":0},"end":{"line":495,"column":15}},"495":{"start":{"line":496,"column":0},"end":{"line":496,"column":79}},"496":{"start":{"line":497,"column":0},"end":{"line":497,"column":114}},"497":{"start":{"line":498,"column":0},"end":{"line":498,"column":16}},"498":{"start":{"line":499,"column":0},"end":{"line":499,"column":14}},"499":{"start":{"line":500,"column":0},"end":{"line":500,"column":0}},"500":{"start":{"line":501,"column":0},"end":{"line":501,"column":49}},"501":{"start":{"line":502,"column":0},"end":{"line":502,"column":73}},"502":{"start":{"line":503,"column":0},"end":{"line":503,"column":19}},"503":{"start":{"line":504,"column":0},"end":{"line":504,"column":71}},"504":{"start":{"line":505,"column":0},"end":{"line":505,"column":86}},"505":{"start":{"line":506,"column":0},"end":{"line":506,"column":13}},"506":{"start":{"line":507,"column":0},"end":{"line":507,"column":39}},"507":{"start":{"line":508,"column":0},"end":{"line":508,"column":21}},"508":{"start":{"line":509,"column":0},"end":{"line":509,"column":90}},"509":{"start":{"line":510,"column":0},"end":{"line":510,"column":66}},"510":{"start":{"line":511,"column":0},"end":{"line":511,"column":19}},"511":{"start":{"line":512,"column":0},"end":{"line":512,"column":19}},"512":{"start":{"line":513,"column":0},"end":{"line":513,"column":71}},"513":{"start":{"line":514,"column":0},"end":{"line":514,"column":86}},"514":{"start":{"line":515,"column":0},"end":{"line":515,"column":13}},"515":{"start":{"line":516,"column":0},"end":{"line":516,"column":40}},"516":{"start":{"line":517,"column":0},"end":{"line":517,"column":21}},"517":{"start":{"line":518,"column":0},"end":{"line":518,"column":16}},"518":{"start":{"line":519,"column":0},"end":{"line":519,"column":0}},"519":{"start":{"line":520,"column":0},"end":{"line":520,"column":56}},"520":{"start":{"line":521,"column":0},"end":{"line":521,"column":0}},"521":{"start":{"line":522,"column":0},"end":{"line":522,"column":17}},"522":{"start":{"line":523,"column":0},"end":{"line":523,"column":28}},"523":{"start":{"line":524,"column":0},"end":{"line":524,"column":32}},"524":{"start":{"line":525,"column":0},"end":{"line":525,"column":31}},"525":{"start":{"line":526,"column":0},"end":{"line":526,"column":14}},"526":{"start":{"line":527,"column":0},"end":{"line":527,"column":108}},"527":{"start":{"line":528,"column":0},"end":{"line":528,"column":26}},"528":{"start":{"line":529,"column":0},"end":{"line":529,"column":11}},"529":{"start":{"line":530,"column":0},"end":{"line":530,"column":31}},"530":{"start":{"line":531,"column":0},"end":{"line":531,"column":19}},"531":{"start":{"line":532,"column":0},"end":{"line":532,"column":0}},"532":{"start":{"line":533,"column":0},"end":{"line":533,"column":17}},"533":{"start":{"line":534,"column":0},"end":{"line":534,"column":28}},"534":{"start":{"line":535,"column":0},"end":{"line":535,"column":33}},"535":{"start":{"line":536,"column":0},"end":{"line":536,"column":31}},"536":{"start":{"line":537,"column":0},"end":{"line":537,"column":14}},"537":{"start":{"line":538,"column":0},"end":{"line":538,"column":108}},"538":{"start":{"line":539,"column":0},"end":{"line":539,"column":26}},"539":{"start":{"line":540,"column":0},"end":{"line":540,"column":11}},"540":{"start":{"line":541,"column":0},"end":{"line":541,"column":34}},"541":{"start":{"line":542,"column":0},"end":{"line":542,"column":19}},"542":{"start":{"line":543,"column":0},"end":{"line":543,"column":0}},"543":{"start":{"line":544,"column":0},"end":{"line":544,"column":17}},"544":{"start":{"line":545,"column":0},"end":{"line":545,"column":32}},"545":{"start":{"line":546,"column":0},"end":{"line":546,"column":108}},"546":{"start":{"line":547,"column":0},"end":{"line":547,"column":56}},"547":{"start":{"line":548,"column":0},"end":{"line":548,"column":11}},"548":{"start":{"line":549,"column":0},"end":{"line":549,"column":69}},"549":{"start":{"line":550,"column":0},"end":{"line":550,"column":19}},"550":{"start":{"line":551,"column":0},"end":{"line":551,"column":0}},"551":{"start":{"line":552,"column":0},"end":{"line":552,"column":56}},"552":{"start":{"line":553,"column":0},"end":{"line":553,"column":0}},"553":{"start":{"line":554,"column":0},"end":{"line":554,"column":17}},"554":{"start":{"line":555,"column":0},"end":{"line":555,"column":34}},"555":{"start":{"line":556,"column":0},"end":{"line":556,"column":177}},"556":{"start":{"line":557,"column":0},"end":{"line":557,"column":11}},"557":{"start":{"line":558,"column":0},"end":{"line":558,"column":29}},"558":{"start":{"line":559,"column":0},"end":{"line":559,"column":28}},"559":{"start":{"line":560,"column":0},"end":{"line":560,"column":19}},"560":{"start":{"line":561,"column":0},"end":{"line":561,"column":0}},"561":{"start":{"line":562,"column":0},"end":{"line":562,"column":17}},"562":{"start":{"line":563,"column":0},"end":{"line":563,"column":33}},"563":{"start":{"line":564,"column":0},"end":{"line":564,"column":180}},"564":{"start":{"line":565,"column":0},"end":{"line":565,"column":11}},"565":{"start":{"line":566,"column":0},"end":{"line":566,"column":41}},"566":{"start":{"line":567,"column":0},"end":{"line":567,"column":30}},"567":{"start":{"line":568,"column":0},"end":{"line":568,"column":19}},"568":{"start":{"line":569,"column":0},"end":{"line":569,"column":0}},"569":{"start":{"line":570,"column":0},"end":{"line":570,"column":17}},"570":{"start":{"line":571,"column":0},"end":{"line":571,"column":41}},"571":{"start":{"line":572,"column":0},"end":{"line":572,"column":170}},"572":{"start":{"line":573,"column":0},"end":{"line":573,"column":11}},"573":{"start":{"line":574,"column":0},"end":{"line":574,"column":34}},"574":{"start":{"line":575,"column":0},"end":{"line":575,"column":23}},"575":{"start":{"line":576,"column":0},"end":{"line":576,"column":19}},"576":{"start":{"line":577,"column":0},"end":{"line":577,"column":0}},"577":{"start":{"line":578,"column":0},"end":{"line":578,"column":17}},"578":{"start":{"line":579,"column":0},"end":{"line":579,"column":34}},"579":{"start":{"line":580,"column":0},"end":{"line":580,"column":170}},"580":{"start":{"line":581,"column":0},"end":{"line":581,"column":11}},"581":{"start":{"line":582,"column":0},"end":{"line":582,"column":31}},"582":{"start":{"line":583,"column":0},"end":{"line":583,"column":24}},"583":{"start":{"line":584,"column":0},"end":{"line":584,"column":19}},"584":{"start":{"line":585,"column":0},"end":{"line":585,"column":14}},"585":{"start":{"line":586,"column":0},"end":{"line":586,"column":15}},"586":{"start":{"line":587,"column":0},"end":{"line":587,"column":0}},"587":{"start":{"line":588,"column":0},"end":{"line":588,"column":51}},"588":{"start":{"line":589,"column":0},"end":{"line":589,"column":23}},"589":{"start":{"line":590,"column":0},"end":{"line":590,"column":86}},"590":{"start":{"line":591,"column":0},"end":{"line":591,"column":58}},"591":{"start":{"line":592,"column":0},"end":{"line":592,"column":19}},"592":{"start":{"line":593,"column":0},"end":{"line":593,"column":52}},"593":{"start":{"line":594,"column":0},"end":{"line":594,"column":28}},"594":{"start":{"line":595,"column":0},"end":{"line":595,"column":104}},"595":{"start":{"line":596,"column":0},"end":{"line":596,"column":151}},"596":{"start":{"line":597,"column":0},"end":{"line":597,"column":16}},"597":{"start":{"line":598,"column":0},"end":{"line":598,"column":13}},"598":{"start":{"line":599,"column":0},"end":{"line":599,"column":20}},"599":{"start":{"line":600,"column":0},"end":{"line":600,"column":21}},"600":{"start":{"line":601,"column":0},"end":{"line":601,"column":19}},"601":{"start":{"line":602,"column":0},"end":{"line":602,"column":53}},"602":{"start":{"line":603,"column":0},"end":{"line":603,"column":28}},"603":{"start":{"line":604,"column":0},"end":{"line":604,"column":104}},"604":{"start":{"line":605,"column":0},"end":{"line":605,"column":152}},"605":{"start":{"line":606,"column":0},"end":{"line":606,"column":16}},"606":{"start":{"line":607,"column":0},"end":{"line":607,"column":13}},"607":{"start":{"line":608,"column":0},"end":{"line":608,"column":21}},"608":{"start":{"line":609,"column":0},"end":{"line":609,"column":21}},"609":{"start":{"line":610,"column":0},"end":{"line":610,"column":19}},"610":{"start":{"line":611,"column":0},"end":{"line":611,"column":52}},"611":{"start":{"line":612,"column":0},"end":{"line":612,"column":28}},"612":{"start":{"line":613,"column":0},"end":{"line":613,"column":104}},"613":{"start":{"line":614,"column":0},"end":{"line":614,"column":151}},"614":{"start":{"line":615,"column":0},"end":{"line":615,"column":16}},"615":{"start":{"line":616,"column":0},"end":{"line":616,"column":13}},"616":{"start":{"line":617,"column":0},"end":{"line":617,"column":18}},"617":{"start":{"line":618,"column":0},"end":{"line":618,"column":21}},"618":{"start":{"line":619,"column":0},"end":{"line":619,"column":16}},"619":{"start":{"line":620,"column":0},"end":{"line":620,"column":0}},"620":{"start":{"line":621,"column":0},"end":{"line":621,"column":50}},"621":{"start":{"line":622,"column":0},"end":{"line":622,"column":39}},"622":{"start":{"line":623,"column":0},"end":{"line":623,"column":45}},"623":{"start":{"line":624,"column":0},"end":{"line":624,"column":21}},"624":{"start":{"line":625,"column":0},"end":{"line":625,"column":79}},"625":{"start":{"line":626,"column":0},"end":{"line":626,"column":42}},"626":{"start":{"line":627,"column":0},"end":{"line":627,"column":108}},"627":{"start":{"line":628,"column":0},"end":{"line":628,"column":24}},"628":{"start":{"line":629,"column":0},"end":{"line":629,"column":45}},"629":{"start":{"line":630,"column":0},"end":{"line":630,"column":26}},"630":{"start":{"line":631,"column":0},"end":{"line":631,"column":33}},"631":{"start":{"line":632,"column":0},"end":{"line":632,"column":49}},"632":{"start":{"line":633,"column":0},"end":{"line":633,"column":41}},"633":{"start":{"line":634,"column":0},"end":{"line":634,"column":70}},"634":{"start":{"line":635,"column":0},"end":{"line":635,"column":189}},"635":{"start":{"line":636,"column":0},"end":{"line":636,"column":22}},"636":{"start":{"line":637,"column":0},"end":{"line":637,"column":26}},"637":{"start":{"line":638,"column":0},"end":{"line":638,"column":33}},"638":{"start":{"line":639,"column":0},"end":{"line":639,"column":58}},"639":{"start":{"line":640,"column":0},"end":{"line":640,"column":46}},"640":{"start":{"line":641,"column":0},"end":{"line":641,"column":75}},"641":{"start":{"line":642,"column":0},"end":{"line":642,"column":187}},"642":{"start":{"line":643,"column":0},"end":{"line":643,"column":22}},"643":{"start":{"line":644,"column":0},"end":{"line":644,"column":26}},"644":{"start":{"line":645,"column":0},"end":{"line":645,"column":33}},"645":{"start":{"line":646,"column":0},"end":{"line":646,"column":49}},"646":{"start":{"line":647,"column":0},"end":{"line":647,"column":46}},"647":{"start":{"line":648,"column":0},"end":{"line":648,"column":75}},"648":{"start":{"line":649,"column":0},"end":{"line":649,"column":189}},"649":{"start":{"line":650,"column":0},"end":{"line":650,"column":22}},"650":{"start":{"line":651,"column":0},"end":{"line":651,"column":27}},"651":{"start":{"line":652,"column":0},"end":{"line":652,"column":47}},"652":{"start":{"line":653,"column":0},"end":{"line":653,"column":191}},"653":{"start":{"line":654,"column":0},"end":{"line":654,"column":21}},"654":{"start":{"line":655,"column":0},"end":{"line":655,"column":31}},"655":{"start":{"line":656,"column":0},"end":{"line":656,"column":29}},"656":{"start":{"line":657,"column":0},"end":{"line":657,"column":24}},"657":{"start":{"line":658,"column":0},"end":{"line":658,"column":22}},"658":{"start":{"line":659,"column":0},"end":{"line":659,"column":0}},"659":{"start":{"line":660,"column":0},"end":{"line":660,"column":21}},"660":{"start":{"line":661,"column":0},"end":{"line":661,"column":74}},"661":{"start":{"line":662,"column":0},"end":{"line":662,"column":76}},"662":{"start":{"line":663,"column":0},"end":{"line":663,"column":41}},"663":{"start":{"line":664,"column":0},"end":{"line":664,"column":124}},"664":{"start":{"line":665,"column":0},"end":{"line":665,"column":26}},"665":{"start":{"line":666,"column":0},"end":{"line":666,"column":24}},"666":{"start":{"line":667,"column":0},"end":{"line":667,"column":45}},"667":{"start":{"line":668,"column":0},"end":{"line":668,"column":54}},"668":{"start":{"line":669,"column":0},"end":{"line":669,"column":52}},"669":{"start":{"line":670,"column":0},"end":{"line":670,"column":35}},"670":{"start":{"line":671,"column":0},"end":{"line":671,"column":39}},"671":{"start":{"line":672,"column":0},"end":{"line":672,"column":32}},"672":{"start":{"line":673,"column":0},"end":{"line":673,"column":57}},"673":{"start":{"line":674,"column":0},"end":{"line":674,"column":56}},"674":{"start":{"line":675,"column":0},"end":{"line":675,"column":60}},"675":{"start":{"line":676,"column":0},"end":{"line":676,"column":190}},"676":{"start":{"line":677,"column":0},"end":{"line":677,"column":25}},"677":{"start":{"line":678,"column":0},"end":{"line":678,"column":67}},"678":{"start":{"line":679,"column":0},"end":{"line":679,"column":88}},"679":{"start":{"line":680,"column":0},"end":{"line":680,"column":33}},"680":{"start":{"line":681,"column":0},"end":{"line":681,"column":107}},"681":{"start":{"line":682,"column":0},"end":{"line":682,"column":78}},"682":{"start":{"line":683,"column":0},"end":{"line":683,"column":136}},"683":{"start":{"line":684,"column":0},"end":{"line":684,"column":136}},"684":{"start":{"line":685,"column":0},"end":{"line":685,"column":36}},"685":{"start":{"line":686,"column":0},"end":{"line":686,"column":34}},"686":{"start":{"line":687,"column":0},"end":{"line":687,"column":32}},"687":{"start":{"line":688,"column":0},"end":{"line":688,"column":33}},"688":{"start":{"line":689,"column":0},"end":{"line":689,"column":71}},"689":{"start":{"line":690,"column":0},"end":{"line":690,"column":155}},"690":{"start":{"line":691,"column":0},"end":{"line":691,"column":61}},"691":{"start":{"line":692,"column":0},"end":{"line":692,"column":27}},"692":{"start":{"line":693,"column":0},"end":{"line":693,"column":48}},"693":{"start":{"line":694,"column":0},"end":{"line":694,"column":35}},"694":{"start":{"line":695,"column":0},"end":{"line":695,"column":37}},"695":{"start":{"line":696,"column":0},"end":{"line":696,"column":25}},"696":{"start":{"line":697,"column":0},"end":{"line":697,"column":38}},"697":{"start":{"line":698,"column":0},"end":{"line":698,"column":24}},"698":{"start":{"line":699,"column":0},"end":{"line":699,"column":22}},"699":{"start":{"line":700,"column":0},"end":{"line":700,"column":20}},"700":{"start":{"line":701,"column":0},"end":{"line":701,"column":43}},"701":{"start":{"line":702,"column":0},"end":{"line":702,"column":45}},"702":{"start":{"line":703,"column":0},"end":{"line":703,"column":77}},"703":{"start":{"line":704,"column":0},"end":{"line":704,"column":44}},"704":{"start":{"line":705,"column":0},"end":{"line":705,"column":109}},"705":{"start":{"line":706,"column":0},"end":{"line":706,"column":22}},"706":{"start":{"line":707,"column":0},"end":{"line":707,"column":0}},"707":{"start":{"line":708,"column":0},"end":{"line":708,"column":43}},"708":{"start":{"line":709,"column":0},"end":{"line":709,"column":47}},"709":{"start":{"line":710,"column":0},"end":{"line":710,"column":111}},"710":{"start":{"line":711,"column":0},"end":{"line":711,"column":27}},"711":{"start":{"line":712,"column":0},"end":{"line":712,"column":42}},"712":{"start":{"line":713,"column":0},"end":{"line":713,"column":71}},"713":{"start":{"line":714,"column":0},"end":{"line":714,"column":189}},"714":{"start":{"line":715,"column":0},"end":{"line":715,"column":21}},"715":{"start":{"line":716,"column":0},"end":{"line":716,"column":71}},"716":{"start":{"line":717,"column":0},"end":{"line":717,"column":47}},"717":{"start":{"line":718,"column":0},"end":{"line":718,"column":73}},"718":{"start":{"line":719,"column":0},"end":{"line":719,"column":25}},"719":{"start":{"line":720,"column":0},"end":{"line":720,"column":29}},"720":{"start":{"line":721,"column":0},"end":{"line":721,"column":24}},"721":{"start":{"line":722,"column":0},"end":{"line":722,"column":0}},"722":{"start":{"line":723,"column":0},"end":{"line":723,"column":58}},"723":{"start":{"line":724,"column":0},"end":{"line":724,"column":49}},"724":{"start":{"line":725,"column":0},"end":{"line":725,"column":107}},"725":{"start":{"line":726,"column":0},"end":{"line":726,"column":28}},"726":{"start":{"line":727,"column":0},"end":{"line":727,"column":35}},"727":{"start":{"line":728,"column":0},"end":{"line":728,"column":43}},"728":{"start":{"line":729,"column":0},"end":{"line":729,"column":72}},"729":{"start":{"line":730,"column":0},"end":{"line":730,"column":191}},"730":{"start":{"line":731,"column":0},"end":{"line":731,"column":24}},"731":{"start":{"line":732,"column":0},"end":{"line":732,"column":26}},"732":{"start":{"line":733,"column":0},"end":{"line":733,"column":49}},"733":{"start":{"line":734,"column":0},"end":{"line":734,"column":104}},"734":{"start":{"line":735,"column":0},"end":{"line":735,"column":28}},"735":{"start":{"line":736,"column":0},"end":{"line":736,"column":35}},"736":{"start":{"line":737,"column":0},"end":{"line":737,"column":41}},"737":{"start":{"line":738,"column":0},"end":{"line":738,"column":70}},"738":{"start":{"line":739,"column":0},"end":{"line":739,"column":191}},"739":{"start":{"line":740,"column":0},"end":{"line":740,"column":24}},"740":{"start":{"line":741,"column":0},"end":{"line":741,"column":26}},"741":{"start":{"line":742,"column":0},"end":{"line":742,"column":24}},"742":{"start":{"line":743,"column":0},"end":{"line":743,"column":0}},"743":{"start":{"line":744,"column":0},"end":{"line":744,"column":47}},"744":{"start":{"line":745,"column":0},"end":{"line":745,"column":104}},"745":{"start":{"line":746,"column":0},"end":{"line":746,"column":60}},"746":{"start":{"line":747,"column":0},"end":{"line":747,"column":80}},"747":{"start":{"line":748,"column":0},"end":{"line":748,"column":31}},"748":{"start":{"line":749,"column":0},"end":{"line":749,"column":36}},"749":{"start":{"line":750,"column":0},"end":{"line":750,"column":61}},"750":{"start":{"line":751,"column":0},"end":{"line":751,"column":40}},"751":{"start":{"line":752,"column":0},"end":{"line":752,"column":122}},"752":{"start":{"line":753,"column":0},"end":{"line":753,"column":47}},"753":{"start":{"line":754,"column":0},"end":{"line":754,"column":104}},"754":{"start":{"line":755,"column":0},"end":{"line":755,"column":97}},"755":{"start":{"line":756,"column":0},"end":{"line":756,"column":28}},"756":{"start":{"line":757,"column":0},"end":{"line":757,"column":25}},"757":{"start":{"line":758,"column":0},"end":{"line":758,"column":61}},"758":{"start":{"line":759,"column":0},"end":{"line":759,"column":33}},"759":{"start":{"line":760,"column":0},"end":{"line":760,"column":25}},"760":{"start":{"line":761,"column":0},"end":{"line":761,"column":26}},"761":{"start":{"line":762,"column":0},"end":{"line":762,"column":24}},"762":{"start":{"line":763,"column":0},"end":{"line":763,"column":0}},"763":{"start":{"line":764,"column":0},"end":{"line":764,"column":25}},"764":{"start":{"line":765,"column":0},"end":{"line":765,"column":41}},"765":{"start":{"line":766,"column":0},"end":{"line":766,"column":44}},"766":{"start":{"line":767,"column":0},"end":{"line":767,"column":243}},"767":{"start":{"line":768,"column":0},"end":{"line":768,"column":19}},"768":{"start":{"line":769,"column":0},"end":{"line":769,"column":35}},"769":{"start":{"line":770,"column":0},"end":{"line":770,"column":27}},"770":{"start":{"line":771,"column":0},"end":{"line":771,"column":22}},"771":{"start":{"line":772,"column":0},"end":{"line":772,"column":0}},"772":{"start":{"line":773,"column":0},"end":{"line":773,"column":97}},"773":{"start":{"line":774,"column":0},"end":{"line":774,"column":73}},"774":{"start":{"line":775,"column":0},"end":{"line":775,"column":89}},"775":{"start":{"line":776,"column":0},"end":{"line":776,"column":105}},"776":{"start":{"line":777,"column":0},"end":{"line":777,"column":22}},"777":{"start":{"line":778,"column":0},"end":{"line":778,"column":22}},"778":{"start":{"line":779,"column":0},"end":{"line":779,"column":20}},"779":{"start":{"line":780,"column":0},"end":{"line":780,"column":17}},"780":{"start":{"line":781,"column":0},"end":{"line":781,"column":45}},"781":{"start":{"line":782,"column":0},"end":{"line":782,"column":77}},"782":{"start":{"line":783,"column":0},"end":{"line":783,"column":41}},"783":{"start":{"line":784,"column":0},"end":{"line":784,"column":109}},"784":{"start":{"line":785,"column":0},"end":{"line":785,"column":22}},"785":{"start":{"line":786,"column":0},"end":{"line":786,"column":43}},"786":{"start":{"line":787,"column":0},"end":{"line":787,"column":47}},"787":{"start":{"line":788,"column":0},"end":{"line":788,"column":106}},"788":{"start":{"line":789,"column":0},"end":{"line":789,"column":26}},"789":{"start":{"line":790,"column":0},"end":{"line":790,"column":33}},"790":{"start":{"line":791,"column":0},"end":{"line":791,"column":46}},"791":{"start":{"line":792,"column":0},"end":{"line":792,"column":93}},"792":{"start":{"line":793,"column":0},"end":{"line":793,"column":189}},"793":{"start":{"line":794,"column":0},"end":{"line":794,"column":22}},"794":{"start":{"line":795,"column":0},"end":{"line":795,"column":24}},"795":{"start":{"line":796,"column":0},"end":{"line":796,"column":47}},"796":{"start":{"line":797,"column":0},"end":{"line":797,"column":112}},"797":{"start":{"line":798,"column":0},"end":{"line":798,"column":26}},"798":{"start":{"line":799,"column":0},"end":{"line":799,"column":33}},"799":{"start":{"line":800,"column":0},"end":{"line":800,"column":44}},"800":{"start":{"line":801,"column":0},"end":{"line":801,"column":91}},"801":{"start":{"line":802,"column":0},"end":{"line":802,"column":189}},"802":{"start":{"line":803,"column":0},"end":{"line":803,"column":22}},"803":{"start":{"line":804,"column":0},"end":{"line":804,"column":24}},"804":{"start":{"line":805,"column":0},"end":{"line":805,"column":47}},"805":{"start":{"line":806,"column":0},"end":{"line":806,"column":107}},"806":{"start":{"line":807,"column":0},"end":{"line":807,"column":26}},"807":{"start":{"line":808,"column":0},"end":{"line":808,"column":33}},"808":{"start":{"line":809,"column":0},"end":{"line":809,"column":47}},"809":{"start":{"line":810,"column":0},"end":{"line":810,"column":94}},"810":{"start":{"line":811,"column":0},"end":{"line":811,"column":189}},"811":{"start":{"line":812,"column":0},"end":{"line":812,"column":22}},"812":{"start":{"line":813,"column":0},"end":{"line":813,"column":24}},"813":{"start":{"line":814,"column":0},"end":{"line":814,"column":47}},"814":{"start":{"line":815,"column":0},"end":{"line":815,"column":103}},"815":{"start":{"line":816,"column":0},"end":{"line":816,"column":26}},"816":{"start":{"line":817,"column":0},"end":{"line":817,"column":33}},"817":{"start":{"line":818,"column":0},"end":{"line":818,"column":43}},"818":{"start":{"line":819,"column":0},"end":{"line":819,"column":90}},"819":{"start":{"line":820,"column":0},"end":{"line":820,"column":189}},"820":{"start":{"line":821,"column":0},"end":{"line":821,"column":22}},"821":{"start":{"line":822,"column":0},"end":{"line":822,"column":24}},"822":{"start":{"line":823,"column":0},"end":{"line":823,"column":47}},"823":{"start":{"line":824,"column":0},"end":{"line":824,"column":108}},"824":{"start":{"line":825,"column":0},"end":{"line":825,"column":29}},"825":{"start":{"line":826,"column":0},"end":{"line":826,"column":48}},"826":{"start":{"line":827,"column":0},"end":{"line":827,"column":95}},"827":{"start":{"line":828,"column":0},"end":{"line":828,"column":30}},"828":{"start":{"line":829,"column":0},"end":{"line":829,"column":201}},"829":{"start":{"line":830,"column":0},"end":{"line":830,"column":22}},"830":{"start":{"line":831,"column":0},"end":{"line":831,"column":24}},"831":{"start":{"line":832,"column":0},"end":{"line":832,"column":47}},"832":{"start":{"line":833,"column":0},"end":{"line":833,"column":102}},"833":{"start":{"line":834,"column":0},"end":{"line":834,"column":26}},"834":{"start":{"line":835,"column":0},"end":{"line":835,"column":33}},"835":{"start":{"line":836,"column":0},"end":{"line":836,"column":42}},"836":{"start":{"line":837,"column":0},"end":{"line":837,"column":89}},"837":{"start":{"line":838,"column":0},"end":{"line":838,"column":189}},"838":{"start":{"line":839,"column":0},"end":{"line":839,"column":22}},"839":{"start":{"line":840,"column":0},"end":{"line":840,"column":24}},"840":{"start":{"line":841,"column":0},"end":{"line":841,"column":47}},"841":{"start":{"line":842,"column":0},"end":{"line":842,"column":118}},"842":{"start":{"line":843,"column":0},"end":{"line":843,"column":26}},"843":{"start":{"line":844,"column":0},"end":{"line":844,"column":33}},"844":{"start":{"line":845,"column":0},"end":{"line":845,"column":54}},"845":{"start":{"line":846,"column":0},"end":{"line":846,"column":101}},"846":{"start":{"line":847,"column":0},"end":{"line":847,"column":45}},"847":{"start":{"line":848,"column":0},"end":{"line":848,"column":189}},"848":{"start":{"line":849,"column":0},"end":{"line":849,"column":22}},"849":{"start":{"line":850,"column":0},"end":{"line":850,"column":24}},"850":{"start":{"line":851,"column":0},"end":{"line":851,"column":22}},"851":{"start":{"line":852,"column":0},"end":{"line":852,"column":0}},"852":{"start":{"line":853,"column":0},"end":{"line":853,"column":95}},"853":{"start":{"line":854,"column":0},"end":{"line":854,"column":72}},"854":{"start":{"line":855,"column":0},"end":{"line":855,"column":88}},"855":{"start":{"line":856,"column":0},"end":{"line":856,"column":124}},"856":{"start":{"line":857,"column":0},"end":{"line":857,"column":22}},"857":{"start":{"line":858,"column":0},"end":{"line":858,"column":22}},"858":{"start":{"line":859,"column":0},"end":{"line":859,"column":20}},"859":{"start":{"line":860,"column":0},"end":{"line":860,"column":14}},"860":{"start":{"line":861,"column":0},"end":{"line":861,"column":16}},"861":{"start":{"line":862,"column":0},"end":{"line":862,"column":0}},"862":{"start":{"line":863,"column":0},"end":{"line":863,"column":57}},"863":{"start":{"line":864,"column":0},"end":{"line":864,"column":19}},"864":{"start":{"line":865,"column":0},"end":{"line":865,"column":40}},"865":{"start":{"line":866,"column":0},"end":{"line":866,"column":184}},"866":{"start":{"line":867,"column":0},"end":{"line":867,"column":13}},"867":{"start":{"line":868,"column":0},"end":{"line":868,"column":34}},"868":{"start":{"line":869,"column":0},"end":{"line":869,"column":34}},"869":{"start":{"line":870,"column":0},"end":{"line":870,"column":21}},"870":{"start":{"line":871,"column":0},"end":{"line":871,"column":16}},"871":{"start":{"line":872,"column":0},"end":{"line":872,"column":16}},"872":{"start":{"line":873,"column":0},"end":{"line":873,"column":0}},"873":{"start":{"line":874,"column":0},"end":{"line":874,"column":32}},"874":{"start":{"line":875,"column":0},"end":{"line":875,"column":71}},"875":{"start":{"line":876,"column":0},"end":{"line":876,"column":45}},"876":{"start":{"line":877,"column":0},"end":{"line":877,"column":149}},"877":{"start":{"line":878,"column":0},"end":{"line":878,"column":77}},"878":{"start":{"line":879,"column":0},"end":{"line":879,"column":91}},"879":{"start":{"line":880,"column":0},"end":{"line":880,"column":113}},"880":{"start":{"line":881,"column":0},"end":{"line":881,"column":22}},"881":{"start":{"line":882,"column":0},"end":{"line":882,"column":17}},"882":{"start":{"line":883,"column":0},"end":{"line":883,"column":0}},"883":{"start":{"line":884,"column":0},"end":{"line":884,"column":88}},"884":{"start":{"line":885,"column":0},"end":{"line":885,"column":78}},"885":{"start":{"line":886,"column":0},"end":{"line":886,"column":17}},"886":{"start":{"line":887,"column":0},"end":{"line":887,"column":0}},"887":{"start":{"line":888,"column":0},"end":{"line":888,"column":41}},"888":{"start":{"line":889,"column":0},"end":{"line":889,"column":82}},"889":{"start":{"line":890,"column":0},"end":{"line":890,"column":72}},"890":{"start":{"line":891,"column":0},"end":{"line":891,"column":74}},"891":{"start":{"line":892,"column":0},"end":{"line":892,"column":0}},"892":{"start":{"line":893,"column":0},"end":{"line":893,"column":24}},"893":{"start":{"line":894,"column":0},"end":{"line":894,"column":155}},"894":{"start":{"line":895,"column":0},"end":{"line":895,"column":70}},"895":{"start":{"line":896,"column":0},"end":{"line":896,"column":42}},"896":{"start":{"line":897,"column":0},"end":{"line":897,"column":114}},"897":{"start":{"line":898,"column":0},"end":{"line":898,"column":86}},"898":{"start":{"line":899,"column":0},"end":{"line":899,"column":92}},"899":{"start":{"line":900,"column":0},"end":{"line":900,"column":71}},"900":{"start":{"line":901,"column":0},"end":{"line":901,"column":25}},"901":{"start":{"line":902,"column":0},"end":{"line":902,"column":42}},"902":{"start":{"line":903,"column":0},"end":{"line":903,"column":29}},"903":{"start":{"line":904,"column":0},"end":{"line":904,"column":26}},"904":{"start":{"line":905,"column":0},"end":{"line":905,"column":0}},"905":{"start":{"line":906,"column":0},"end":{"line":906,"column":52}},"906":{"start":{"line":907,"column":0},"end":{"line":907,"column":41}},"907":{"start":{"line":908,"column":0},"end":{"line":908,"column":49}},"908":{"start":{"line":909,"column":0},"end":{"line":909,"column":80}},"909":{"start":{"line":910,"column":0},"end":{"line":910,"column":120}},"910":{"start":{"line":911,"column":0},"end":{"line":911,"column":152}},"911":{"start":{"line":912,"column":0},"end":{"line":912,"column":30}},"912":{"start":{"line":913,"column":0},"end":{"line":913,"column":31}},"913":{"start":{"line":914,"column":0},"end":{"line":914,"column":62}},"914":{"start":{"line":915,"column":0},"end":{"line":915,"column":94}},"915":{"start":{"line":916,"column":0},"end":{"line":916,"column":40}},"916":{"start":{"line":917,"column":0},"end":{"line":917,"column":127}},"917":{"start":{"line":918,"column":0},"end":{"line":918,"column":34}},"918":{"start":{"line":919,"column":0},"end":{"line":919,"column":107}},"919":{"start":{"line":920,"column":0},"end":{"line":920,"column":120}},"920":{"start":{"line":921,"column":0},"end":{"line":921,"column":28}},"921":{"start":{"line":922,"column":0},"end":{"line":922,"column":25}},"922":{"start":{"line":923,"column":0},"end":{"line":923,"column":56}},"923":{"start":{"line":924,"column":0},"end":{"line":924,"column":51}},"924":{"start":{"line":925,"column":0},"end":{"line":925,"column":91}},"925":{"start":{"line":926,"column":0},"end":{"line":926,"column":29}},"926":{"start":{"line":927,"column":0},"end":{"line":927,"column":33}},"927":{"start":{"line":928,"column":0},"end":{"line":928,"column":28}},"928":{"start":{"line":929,"column":0},"end":{"line":929,"column":0}},"929":{"start":{"line":930,"column":0},"end":{"line":930,"column":42}},"930":{"start":{"line":931,"column":0},"end":{"line":931,"column":49}},"931":{"start":{"line":932,"column":0},"end":{"line":932,"column":80}},"932":{"start":{"line":933,"column":0},"end":{"line":933,"column":121}},"933":{"start":{"line":934,"column":0},"end":{"line":934,"column":154}},"934":{"start":{"line":935,"column":0},"end":{"line":935,"column":30}},"935":{"start":{"line":936,"column":0},"end":{"line":936,"column":31}},"936":{"start":{"line":937,"column":0},"end":{"line":937,"column":63}},"937":{"start":{"line":938,"column":0},"end":{"line":938,"column":95}},"938":{"start":{"line":939,"column":0},"end":{"line":939,"column":40}},"939":{"start":{"line":940,"column":0},"end":{"line":940,"column":127}},"940":{"start":{"line":941,"column":0},"end":{"line":941,"column":35}},"941":{"start":{"line":942,"column":0},"end":{"line":942,"column":107}},"942":{"start":{"line":943,"column":0},"end":{"line":943,"column":120}},"943":{"start":{"line":944,"column":0},"end":{"line":944,"column":28}},"944":{"start":{"line":945,"column":0},"end":{"line":945,"column":25}},"945":{"start":{"line":946,"column":0},"end":{"line":946,"column":56}},"946":{"start":{"line":947,"column":0},"end":{"line":947,"column":51}},"947":{"start":{"line":948,"column":0},"end":{"line":948,"column":91}},"948":{"start":{"line":949,"column":0},"end":{"line":949,"column":29}},"949":{"start":{"line":950,"column":0},"end":{"line":950,"column":33}},"950":{"start":{"line":951,"column":0},"end":{"line":951,"column":28}},"951":{"start":{"line":952,"column":0},"end":{"line":952,"column":26}},"952":{"start":{"line":953,"column":0},"end":{"line":953,"column":24}},"953":{"start":{"line":954,"column":0},"end":{"line":954,"column":18}},"954":{"start":{"line":955,"column":0},"end":{"line":955,"column":17}},"955":{"start":{"line":956,"column":0},"end":{"line":956,"column":18}},"956":{"start":{"line":957,"column":0},"end":{"line":957,"column":16}},"957":{"start":{"line":958,"column":0},"end":{"line":958,"column":18}},"958":{"start":{"line":959,"column":0},"end":{"line":959,"column":12}},"959":{"start":{"line":960,"column":0},"end":{"line":960,"column":0}},"960":{"start":{"line":961,"column":0},"end":{"line":961,"column":20}},"961":{"start":{"line":962,"column":0},"end":{"line":962,"column":168}},"962":{"start":{"line":963,"column":0},"end":{"line":963,"column":49}},"963":{"start":{"line":964,"column":0},"end":{"line":964,"column":42}},"964":{"start":{"line":965,"column":0},"end":{"line":965,"column":14}},"965":{"start":{"line":966,"column":0},"end":{"line":966,"column":13}},"966":{"start":{"line":967,"column":0},"end":{"line":967,"column":81}},"967":{"start":{"line":968,"column":0},"end":{"line":968,"column":14}},"968":{"start":{"line":969,"column":0},"end":{"line":969,"column":15}},"969":{"start":{"line":970,"column":0},"end":{"line":970,"column":10}},"970":{"start":{"line":971,"column":0},"end":{"line":971,"column":4}},"971":{"start":{"line":972,"column":0},"end":{"line":972,"column":1}}},"s":{"0":1,"1":1,"2":1,"3":1,"4":1,"5":1,"6":1,"7":1,"8":1,"9":1,"10":1,"11":1,"12":1,"13":1,"14":1,"15":1,"16":1,"17":1,"18":1,"19":1,"20":1,"21":1,"22":1,"23":1,"24":1,"25":1,"26":1,"27":1,"28":1,"29":1,"30":1,"31":1,"32":1,"33":1,"34":1,"35":1,"36":1,"37":1,"38":1,"39":1,"40":1,"41":1,"42":1,"43":1,"44":1,"45":1,"46":1,"47":1,"48":1,"49":1,"50":1,"51":1,"52":1,"53":1,"54":1,"55":1,"56":1,"57":32,"58":32,"59":32,"60":32,"61":32,"62":32,"63":32,"64":32,"65":32,"66":32,"67":32,"68":32,"69":32,"70":32,"71":32,"72":32,"73":32,"74":32,"75":32,"76":32,"77":32,"78":32,"79":32,"80":32,"81":32,"82":32,"83":32,"84":32,"85":32,"86":32,"87":32,"88":32,"89":32,"90":32,"91":32,"92":32,"93":32,"94":32,"95":7,"96":7,"97":32,"98":32,"99":32,"100":7,"101":7,"102":7,"103":32,"104":32,"105":32,"106":10,"107":124,"108":124,"109":10,"110":32,"111":32,"112":32,"113":1,"114":0,"115":0,"116":0,"117":0,"118":1,"119":1,"120":1,"121":1,"122":1,"123":1,"124":1,"125":1,"126":1,"127":1,"128":1,"129":1,"130":1,"131":1,"132":1,"133":1,"134":32,"135":32,"136":1,"137":1,"138":1,"139":32,"140":32,"141":0,"142":0,"143":0,"144":0,"145":0,"146":0,"147":0,"148":0,"149":0,"150":0,"151":0,"152":0,"153":0,"154":0,"155":0,"156":0,"157":32,"158":32,"159":0,"160":0,"161":0,"162":0,"163":0,"164":32,"165":32,"166":1,"167":1,"168":1,"169":1,"170":31,"171":62,"172":62,"173":62,"174":62,"175":62,"176":62,"177":62,"178":31,"179":31,"180":62,"181":62,"182":62,"183":62,"184":62,"185":62,"186":62,"187":62,"188":62,"189":62,"190":62,"191":31,"192":1,"193":1,"194":1,"195":32,"196":32,"197":1,"198":1,"199":1,"200":1,"201":1,"202":1,"203":1,"204":1,"205":1,"206":1,"207":1,"208":31,"209":31,"210":31,"211":31,"212":62,"213":1891,"214":62,"215":62,"216":62,"217":0,"218":62,"219":62,"220":62,"221":62,"222":62,"223":62,"224":62,"225":62,"226":31,"227":1,"228":1,"229":1,"230":1,"231":1,"232":32,"233":32,"234":0,"235":0,"236":0,"237":0,"238":0,"239":0,"240":0,"241":0,"242":0,"243":0,"244":0,"245":0,"246":0,"247":0,"248":0,"249":0,"250":0,"251":0,"252":0,"253":0,"254":0,"255":0,"256":0,"257":0,"258":0,"259":0,"260":0,"261":0,"262":0,"263":0,"264":0,"265":0,"266":0,"267":0,"268":0,"269":0,"270":0,"271":0,"272":0,"273":0,"274":0,"275":0,"276":0,"277":0,"278":0,"279":0,"280":0,"281":0,"282":0,"283":0,"284":0,"285":0,"286":0,"287":0,"288":0,"289":0,"290":0,"291":0,"292":0,"293":0,"294":0,"295":0,"296":0,"297":0,"298":0,"299":0,"300":0,"301":0,"302":0,"303":0,"304":0,"305":0,"306":0,"307":0,"308":0,"309":0,"310":0,"311":0,"312":0,"313":0,"314":0,"315":0,"316":0,"317":0,"318":0,"319":0,"320":0,"321":0,"322":0,"323":0,"324":0,"325":0,"326":32,"327":32,"328":0,"329":0,"330":0,"331":0,"332":0,"333":0,"334":0,"335":0,"336":0,"337":0,"338":0,"339":32,"340":32,"341":0,"342":0,"343":0,"344":0,"345":0,"346":32,"347":32,"348":0,"349":0,"350":0,"351":0,"352":0,"353":32,"354":32,"355":7,"356":7,"357":0,"358":0,"359":0,"360":0,"361":32,"362":32,"363":32,"364":17,"365":17,"366":17,"367":17,"368":17,"369":17,"370":17,"371":17,"372":17,"373":17,"374":17,"375":17,"376":17,"377":17,"378":17,"379":17,"380":17,"381":17,"382":17,"383":17,"384":17,"385":17,"386":17,"387":17,"388":17,"389":17,"390":17,"391":17,"392":17,"393":17,"394":5,"395":5,"396":5,"397":5,"398":0,"399":0,"400":0,"401":5,"402":17,"403":17,"404":17,"405":17,"406":17,"407":17,"408":17,"409":17,"410":17,"411":17,"412":17,"413":17,"414":17,"415":17,"416":17,"417":17,"418":15,"419":15,"420":15,"421":15,"422":15,"423":15,"424":0,"425":0,"426":0,"427":0,"428":0,"429":0,"430":0,"431":0,"432":0,"433":0,"434":0,"435":0,"436":0,"437":0,"438":0,"439":0,"440":0,"441":0,"442":0,"443":0,"444":0,"445":0,"446":0,"447":0,"448":0,"449":0,"450":0,"451":0,"452":0,"453":0,"454":0,"455":32,"456":32,"457":32,"458":32,"459":32,"460":32,"461":0,"462":0,"463":0,"464":0,"465":0,"466":0,"467":0,"468":0,"469":0,"470":0,"471":0,"472":0,"473":0,"474":0,"475":0,"476":0,"477":0,"478":0,"479":0,"480":0,"481":0,"482":0,"483":0,"484":0,"485":0,"486":32,"487":32,"488":32,"489":32,"490":32,"491":32,"492":32,"493":32,"494":32,"495":32,"496":32,"497":32,"498":32,"499":32,"500":32,"501":32,"502":32,"503":32,"504":32,"505":32,"506":32,"507":32,"508":32,"509":32,"510":32,"511":32,"512":32,"513":32,"514":32,"515":32,"516":32,"517":32,"518":32,"519":32,"520":32,"521":32,"522":32,"523":0,"524":0,"525":0,"526":32,"527":32,"528":32,"529":32,"530":32,"531":32,"532":32,"533":32,"534":0,"535":0,"536":0,"537":32,"538":32,"539":32,"540":32,"541":32,"542":32,"543":32,"544":32,"545":32,"546":32,"547":32,"548":32,"549":32,"550":32,"551":32,"552":32,"553":32,"554":32,"555":32,"556":32,"557":32,"558":32,"559":32,"560":32,"561":32,"562":32,"563":32,"564":32,"565":32,"566":32,"567":32,"568":32,"569":32,"570":32,"571":32,"572":32,"573":32,"574":32,"575":32,"576":32,"577":32,"578":32,"579":32,"580":32,"581":32,"582":32,"583":32,"584":32,"585":32,"586":32,"587":32,"588":32,"589":32,"590":32,"591":32,"592":32,"593":32,"594":32,"595":32,"596":32,"597":32,"598":32,"599":32,"600":32,"601":32,"602":32,"603":32,"604":32,"605":32,"606":32,"607":32,"608":32,"609":32,"610":32,"611":32,"612":32,"613":32,"614":32,"615":32,"616":32,"617":32,"618":32,"619":32,"620":32,"621":32,"622":11,"623":11,"624":11,"625":11,"626":11,"627":11,"628":11,"629":11,"630":11,"631":11,"632":11,"633":11,"634":11,"635":11,"636":11,"637":11,"638":11,"639":11,"640":11,"641":11,"642":11,"643":11,"644":11,"645":11,"646":11,"647":11,"648":11,"649":11,"650":11,"651":11,"652":11,"653":11,"654":11,"655":11,"656":11,"657":11,"658":11,"659":11,"660":11,"661":11,"662":11,"663":11,"664":11,"665":11,"666":11,"667":11,"668":11,"669":34,"670":34,"671":34,"672":34,"673":34,"674":34,"675":34,"676":34,"677":34,"678":34,"679":34,"680":34,"681":34,"682":34,"683":34,"684":34,"685":34,"686":34,"687":34,"688":34,"689":34,"690":34,"691":34,"692":34,"693":34,"694":34,"695":11,"696":11,"697":11,"698":11,"699":11,"700":4,"701":2,"702":2,"703":2,"704":2,"705":2,"706":2,"707":2,"708":2,"709":2,"710":2,"711":2,"712":2,"713":2,"714":2,"715":2,"716":2,"717":6,"718":2,"719":2,"720":2,"721":2,"722":2,"723":2,"724":2,"725":2,"726":2,"727":2,"728":2,"729":2,"730":2,"731":2,"732":2,"733":2,"734":2,"735":2,"736":2,"737":2,"738":2,"739":2,"740":2,"741":2,"742":2,"743":2,"744":2,"745":2,"746":2,"747":6,"748":6,"749":6,"750":6,"751":6,"752":6,"753":2,"754":4,"755":6,"756":6,"757":6,"758":6,"759":2,"760":2,"761":2,"762":2,"763":2,"764":2,"765":2,"766":2,"767":2,"768":2,"769":2,"770":2,"771":2,"772":2,"773":2,"774":2,"775":2,"776":2,"777":2,"778":2,"779":2,"780":2,"781":2,"782":2,"783":2,"784":2,"785":2,"786":2,"787":2,"788":2,"789":2,"790":2,"791":2,"792":2,"793":2,"794":2,"795":2,"796":2,"797":2,"798":2,"799":2,"800":2,"801":2,"802":2,"803":2,"804":2,"805":2,"806":2,"807":2,"808":2,"809":2,"810":2,"811":2,"812":2,"813":2,"814":2,"815":2,"816":2,"817":2,"818":2,"819":2,"820":2,"821":2,"822":2,"823":2,"824":2,"825":2,"826":2,"827":2,"828":2,"829":2,"830":2,"831":2,"832":2,"833":2,"834":2,"835":2,"836":2,"837":2,"838":2,"839":2,"840":2,"841":2,"842":2,"843":2,"844":2,"845":2,"846":2,"847":2,"848":2,"849":2,"850":2,"851":2,"852":2,"853":2,"854":2,"855":2,"856":2,"857":2,"858":2,"859":32,"860":32,"861":32,"862":32,"863":32,"864":32,"865":32,"866":32,"867":32,"868":32,"869":32,"870":32,"871":32,"872":32,"873":32,"874":32,"875":32,"876":32,"877":32,"878":105,"879":105,"880":105,"881":32,"882":32,"883":32,"884":0,"885":32,"886":32,"887":32,"888":465,"889":465,"890":465,"891":465,"892":465,"893":465,"894":465,"895":465,"896":465,"897":465,"898":15,"899":450,"900":465,"901":465,"902":465,"903":465,"904":465,"905":465,"906":465,"907":465,"908":465,"909":465,"910":465,"911":465,"912":465,"913":465,"914":465,"915":465,"916":465,"917":465,"918":62,"919":403,"920":465,"921":465,"922":465,"923":465,"924":1426,"925":465,"926":465,"927":465,"928":465,"929":465,"930":465,"931":465,"932":465,"933":465,"934":465,"935":465,"936":465,"937":465,"938":465,"939":465,"940":465,"941":62,"942":403,"943":465,"944":465,"945":465,"946":465,"947":1426,"948":465,"949":465,"950":465,"951":465,"952":465,"953":465,"954":32,"955":32,"956":32,"957":32,"958":32,"959":32,"960":32,"961":32,"962":32,"963":32,"964":32,"965":32,"966":32,"967":32,"968":32,"969":32,"970":32,"971":32},"branchMap":{"0":{"type":"branch","line":43,"loc":{"start":{"line":43,"column":17},"end":{"line":43,"column":59}},"locations":[{"start":{"line":43,"column":17},"end":{"line":43,"column":59}}]},"1":{"type":"branch","line":58,"loc":{"start":{"line":58,"column":0},"end":{"line":972,"column":1}},"locations":[{"start":{"line":58,"column":0},"end":{"line":972,"column":1}}]},"2":{"type":"branch","line":364,"loc":{"start":{"line":364,"column":18},"end":{"line":418,"column":3}},"locations":[{"start":{"line":364,"column":18},"end":{"line":418,"column":3}}]},"3":{"type":"branch","line":408,"loc":{"start":{"line":408,"column":13},"end":{"line":408,"column":97}},"locations":[{"start":{"line":408,"column":13},"end":{"line":408,"column":97}}]},"4":{"type":"branch","line":418,"loc":{"start":{"line":418,"column":2},"end":{"line":424,"column":22}},"locations":[{"start":{"line":418,"column":2},"end":{"line":424,"column":22}}]},"5":{"type":"branch","line":424,"loc":{"start":{"line":424,"column":9},"end":{"line":455,"column":23}},"locations":[{"start":{"line":424,"column":9},"end":{"line":455,"column":23}}]},"6":{"type":"branch","line":461,"loc":{"start":{"line":461,"column":9},"end":{"line":486,"column":23}},"locations":[{"start":{"line":461,"column":9},"end":{"line":486,"column":23}}]},"7":{"type":"branch","line":547,"loc":{"start":{"line":547,"column":19},"end":{"line":547,"column":44}},"locations":[{"start":{"line":547,"column":19},"end":{"line":547,"column":44}}]},"8":{"type":"branch","line":547,"loc":{"start":{"line":547,"column":29},"end":{"line":547,"column":56}},"locations":[{"start":{"line":547,"column":29},"end":{"line":547,"column":56}}]},"9":{"type":"branch","line":549,"loc":{"start":{"line":549,"column":13},"end":{"line":549,"column":47}},"locations":[{"start":{"line":549,"column":13},"end":{"line":549,"column":47}}]},"10":{"type":"branch","line":549,"loc":{"start":{"line":549,"column":42},"end":{"line":549,"column":69}},"locations":[{"start":{"line":549,"column":42},"end":{"line":549,"column":69}}]},"11":{"type":"branch","line":596,"loc":{"start":{"line":596,"column":30},"end":{"line":596,"column":95}},"locations":[{"start":{"line":596,"column":30},"end":{"line":596,"column":95}}]},"12":{"type":"branch","line":596,"loc":{"start":{"line":596,"column":41},"end":{"line":596,"column":151}},"locations":[{"start":{"line":596,"column":41},"end":{"line":596,"column":151}}]},"13":{"type":"branch","line":605,"loc":{"start":{"line":605,"column":30},"end":{"line":605,"column":96}},"locations":[{"start":{"line":605,"column":30},"end":{"line":605,"column":96}}]},"14":{"type":"branch","line":605,"loc":{"start":{"line":605,"column":42},"end":{"line":605,"column":152}},"locations":[{"start":{"line":605,"column":42},"end":{"line":605,"column":152}}]},"15":{"type":"branch","line":614,"loc":{"start":{"line":614,"column":30},"end":{"line":614,"column":95}},"locations":[{"start"
[...]
d":{"line":914,"column":62}},"locations":[{"start":{"line":914,"column":41},"end":{"line":914,"column":62}}]},"77":{"type":"branch","line":918,"loc":{"start":{"line":918,"column":28},"end":{"line":919,"column":107}},"locations":[{"start":{"line":918,"column":28},"end":{"line":919,"column":107}}]},"78":{"type":"branch","line":919,"loc":{"start":{"line":919,"column":32},"end":{"line":920,"column":120}},"locations":[{"start":{"line":919,"column":32},"end":{"line":920,"column":120}}]},"79":{"type":"branch","line":934,"loc":{"start":{"line":934,"column":27},"end":{"line":934,"column":154}},"locations":[{"start":{"line":934,"column":27},"end":{"line":934,"column":154}}]},"80":{"type":"branch","line":937,"loc":{"start":{"line":937,"column":33},"end":{"line":937,"column":60}},"locations":[{"start":{"line":937,"column":33},"end":{"line":937,"column":60}}]},"81":{"type":"branch","line":937,"loc":{"start":{"line":937,"column":42},"end":{"line":937,"column":63}},"locations":[{"start":{"line":937,"column":42},"end":{"line":937,"column":63}}]},"82":{"type":"branch","line":941,"loc":{"start":{"line":941,"column":28},"end":{"line":942,"column":107}},"locations":[{"start":{"line":941,"column":28},"end":{"line":942,"column":107}}]},"83":{"type":"branch","line":942,"loc":{"start":{"line":942,"column":32},"end":{"line":943,"column":120}},"locations":[{"start":{"line":942,"column":32},"end":{"line":943,"column":120}}]},"84":{"type":"branch","line":889,"loc":{"start":{"line":889,"column":53},"end":{"line":889,"column":80}},"locations":[{"start":{"line":889,"column":53},"end":{"line":889,"column":80}}]},"85":{"type":"branch","line":890,"loc":{"start":{"line":890,"column":46},"end":{"line":890,"column":70}},"locations":[{"start":{"line":890,"column":46},"end":{"line":890,"column":70}}]},"86":{"type":"branch","line":891,"loc":{"start":{"line":891,"column":47},"end":{"line":891,"column":72}},"locations":[{"start":{"line":891,"column":47},"end":{"line":891,"column":72}}]},"87":{"type":"branch","line":911,"loc":{"start":{"line":911,"column":103},"end":{"line":911,"column":138}},"locations":[{"start":{"line":911,"column":103},"end":{"line":911,"column":138}}]},"88":{"type":"branch","line":924,"loc":{"start":{"line":924,"column":45},"end":{"line":925,"column":91}},"locations":[{"start":{"line":924,"column":45},"end":{"line":925,"column":91}}]},"89":{"type":"branch","line":934,"loc":{"start":{"line":934,"column":104},"end":{"line":934,"column":140}},"locations":[{"start":{"line":934,"column":104},"end":{"line":934,"column":140}}]},"90":{"type":"branch","line":947,"loc":{"start":{"line":947,"column":45},"end":{"line":948,"column":91}},"locations":[{"start":{"line":947,"column":45},"end":{"line":948,"column":91}}]}},"b":{"0":[8],"1":[32],"2":[17],"3":[0],"4":[15],"5":[0],"6":[0],"7":[0],"8":[15],"9":[0],"10":[15],"11":[11],"12":[4],"13":[2],"14":[13],"15":[2],"16":[13],"17":[11],"18":[4],"19":[2],"20":[2],"21":[7],"22":[7],"23":[10],"24":[124],"25":[1],"26":[0],"27":[1],"28":[4],"29":[1],"30":[0],"31":[31],"32":[62],"33":[31],"34":[31],"35":[31],"36":[0],"37":[1891],"38":[31],"39":[1891],"40":[31],"41":[93],"42":[1],"43":[0],"44":[0],"45":[31],"46":[0],"47":[62],"48":[0],"49":[1891],"50":[31],"51":[7],"52":[0],"53":[5],"54":[5],"55":[0],"56":[1],"57":[1],"58":[1],"59":[1],"60":[34],"61":[1],"62":[1],"63":[6],"64":[6],"65":[2],"66":[4],"67":[2],"68":[4],"69":[1],"70":[105],"71":[465],"72":[15],"73":[450],"74":[62],"75":[62],"76":[403],"77":[62],"78":[403],"79":[62],"80":[62],"81":[403],"82":[62],"83":[403],"84":[3844],"85":[62],"86":[124],"87":[96],"88":[1426],"89":[89],"90":[1426]},"fnMap":{"0":{"name":"sanitize","decl":{"start":{"line":43,"column":17},"end":{"line":43,"column":59}},"loc":{"start":{"line":43,"column":17},"end":{"line":43,"column":59}},"line":43},"1":{"name":"App","decl":{"start":{"line":58,"column":0},"end":{"line":972,"column":1}},"loc":{"start":{"line":58,"column":0},"end":{"line":972,"column":1}},"line":58},"2":{"name":"addProfessional","decl":{"start":{"line":113,"column":26},"end":{"line":134,"column":4}},"loc":{"start":{"line":113,"column":26},"end":{"line":134,"column":4}},"line":113},"3":{"name":"removeProfessional","decl":{"start":{"line":136,"column":29},"end":{"line":139,"column":4}},"loc":{"start":{"line":136,"column":29},"end":{"line":139,"column":4}},"line":136},"4":{"name":"toggleShift","decl":{"start":{"line":141,"column":22},"end":{"line":157,"column":4}},"loc":{"start":{"line":141,"column":22},"end":{"line":157,"column":4}},"line":141},"5":{"name":"clearMonthShifts","decl":{"start":{"line":159,"column":27},"end":{"line":164,"column":4}},"loc":{"start":{"line":159,"column":27},"end":{"line":164,"column":4}},"line":159},"6":{"name":"autoGenerate","decl":{"start":{"line":166,"column":23},"end":{"line":195,"column":4}},"loc":{"start":{"line":166,"column":23},"end":{"line":195,"column":4}},"line":166},"7":{"name":"applyPeriod","decl":{"start":{"line":197,"column":22},"end":{"line":232,"column":4}},"loc":{"start":{"line":197,"column":22},"end":{"line":232,"column":4}},"line":197},"8":{"name":"exportExcel","decl":{"start":{"line":234,"column":22},"end":{"line":326,"column":4}},"loc":{"start":{"line":234,"column":22},"end":{"line":326,"column":4}},"line":234},"9":{"name":"generateCertificate","decl":{"start":{"line":328,"column":30},"end":{"line":339,"column":4}},"loc":{"start":{"line":328,"column":30},"end":{"line":339,"column":4}},"line":328},"10":{"name":"shareResults","decl":{"start":{"line":341,"column":23},"end":{"line":346,"column":4}},"loc":{"start":{"line":341,"column":23},"end":{"line":346,"column":4}},"line":341},"11":{"name":"toggleMute","decl":{"start":{"line":348,"column":21},"end":{"line":353,"column":4}},"loc":{"start":{"line":348,"column":21},"end":{"line":353,"column":4}},"line":348},"12":{"name":"onChange","decl":{"start":{"line":386,"column":26},"end":{"line":386,"column":71}},"loc":{"start":{"line":386,"column":26},"end":{"line":386,"column":71}},"line":386},"13":{"name":"onClick","decl":{"start":{"line":394,"column":23},"end":{"line":402,"column":16}},"loc":{"start":{"line":394,"column":23},"end":{"line":402,"column":16}},"line":394},"14":{"name":"onClick","decl":{"start":{"line":434,"column":25},"end":{"line":434,"column":50}},"loc":{"start":{"line":434,"column":25},"end":{"line":434,"column":50}},"line":434},"15":{"name":"onClick","decl":{"start":{"line":440,"column":25},"end":{"line":443,"column":18}},"loc":{"start":{"line":440,"column":25},"end":{"line":443,"column":18}},"line":440},"16":{"name":"onClick","decl":{"start":{"line":449,"column":25},"end":{"line":449,"column":56}},"loc":{"start":{"line":449,"column":25},"end":{"line":449,"column":56}},"line":449},"17":{"name":"onClick","decl":{"start":{"line":480,"column":25},"end":{"line":480,"column":51}},"loc":{"start":{"line":480,"column":25},"end":{"line":480,"column":51}},"line":480},"18":{"name":"onClick","decl":{"start":{"line":504,"column":23},"end":{"line":504,"column":71}},"loc":{"start":{"line":504,"column":23},"end":{"line":504,"column":71}},"line":504},"19":{"name":"onClick","decl":{"start":{"line":513,"column":23},"end":{"line":513,"column":71}},"loc":{"start":{"line":513,"column":23},"end":{"line":513,"column":71}},"line":513},"20":{"name":"onClick","decl":{"start":{"line":523,"column":21},"end":{"line":526,"column":14}},"loc":{"start":{"line":523,"column":21},"end":{"line":526,"column":14}},"line":523},"21":{"name":"onClick","decl":{"start":{"line":534,"column":21},"end":{"line":537,"column":14}},"loc":{"start":{"line":534,"column":21},"end":{"line":537,"column":14}},"line":534},"22":{"name":"onClick","decl":{"start":{"line":593,"column":23},"end":{"line":593,"column":52}},"loc":{"start":{"line":593,"column":23},"end":{"line":593,"column":52}},"line":593},"23":{"name":"onClick","decl":{"start":{"line":602,"column":23},"end":{"line":602,"column":53}},"loc":{"start":{"line":602,"column":23},"end":{"line":602,"column":53}},"line":602},"24":{"name":"onClick","decl":{"start":{"line":611,"column":23},"end":{"line":611,"column":52}},"loc":{"start":{"line":611,"column":23},"end":{"line":611,"column":52}},"line":611},"25":{"name":"onChange","decl":{"start":{"line":634,"column":32},"end":{"line":634,"column":70}},"loc":{"start":{"line":634,"column":32},"end":{"line":634,"column":70}},"line":634},"26":{"name":"onChange","decl":{"start":{"line":641,"column":32},"end":{"line":641,"column":75}},"loc":{"start":{"line":641,"column":32},"end":{"line":641,"column":75}},"line":641},"27":{"name":"onChange","decl":{"start":{"line":648,"column":32},"end":{"line":648,"column":75}},"loc":{"start":{"line":648,"column":32},"end":{"line":648,"column":75}},"line":648},"28":{"name":"onClick","decl":{"start":{"line":689,"column":37},"end":{"line":689,"column":71}},"loc":{"start":{"line":689,"column":37},"end":{"line":689,"column":71}},"line":689},"29":{"name":"onChange","decl":{"start":{"line":713,"column":32},"end":{"line":713,"column":71}},"loc":{"start":{"line":713,"column":32},"end":{"line":713,"column":71}},"line":713},"30":{"name":"onChange","decl":{"start":{"line":729,"column":34},"end":{"line":729,"column":72}},"loc":{"start":{"line":729,"column":34},"end":{"line":729,"column":72}},"line":729},"31":{"name":"onChange","decl":{"start":{"line":738,"column":34},"end":{"line":738,"column":70}},"loc":{"start":{"line":738,"column":34},"end":{"line":738,"column":70}},"line":738},"32":{"name":"onClick","decl":{"start":{"line":750,"column":35},"end":{"line":750,"column":61}},"loc":{"start":{"line":750,"column":35},"end":{"line":750,"column":61}},"line":750},"33":{"name":"onChange","decl":{"start":{"line":792,"column":32},"end":{"line":792,"column":93}},"loc":{"start":{"line":792,"column":32},"end":{"line":792,"column":93}},"line":792},"34":{"name":"onChange","decl":{"start":{"line":801,"column":32},"end":{"line":801,"column":91}},"loc":{"start":{"line":801,"column":32},"end":{"line":801,"column":91}},"line":801},"35":{"name":"onChange","decl":{"start":{"line":810,"column":32},"end":{"line":810,"column":94}},"loc":{"start":{"line":810,"column":32},"end":{"line":810,"column":94}},"line":810},"36":{"name":"onChange","decl":{"start":{"line":819,"column":32},"end":{"line":819,"column":90}},"loc":{"start":{"line":819,"column":32},"end":{"line":819,"column":90}},"line":819},"37":{"name":"onChange","decl":{"start":{"line":827,"column":32},"end":{"line":827,"column":95}},"loc":{"start":{"line":827,"column":32},"end":{"line":827,"column":95}},"line":827},"38":{"name":"onChange","decl":{"start":{"line":837,"column":32},"end":{"line":837,"column":89}},"loc":{"start":{"line":837,"column":32},"end":{"line":837,"column":89}},"line":837},"39":{"name":"onChange","decl":{"start":{"line":846,"column":32},"end":{"line":846,"column":101}},"loc":{"start":{"line":846,"column":32},"end":{"line":846,"column":101}},"line":846},"40":{"name":"onChange","decl":{"start":{"line":915,"column":36},"end":{"line":915,"column":94}},"loc":{"start":{"line":915,"column":36},"end":{"line":915,"column":94}},"line":915},"41":{"name":"onChange","decl":{"start":{"line":938,"column":36},"end":{"line":938,"column":95}},"loc":{"start":{"line":938,"column":36},"end":{"line":938,"column":95}},"line":938}},"f":{"0":8,"1":32,"2":1,"3":1,"4":0,"5":0,"6":1,"7":1,"8":0,"9":0,"10":0,"11":0,"12":5,"13":5,"14":0,"15":0,"16":0,"17":0,"18":0,"19":0,"20":0,"21":0,"22":0,"23":1,"24":1,"25":1,"26":1,"27":0,"28":1,"29":1,"30":0,"31":0,"32":0,"33":1,"34":0,"35":0,"36":0,"37":0,"38":0,"39":0,"40":0,"41":0}}
,"/home/guest1user1/Documentos/workspace_antigravity/games/v2/plantogen/src/main.tsx": {"path":"/home/guest1user1/Documentos/workspace_antigravity/games/v2/plantogen/src/main.tsx","all":true,"statementMap":{"0":{"start":{"line":1,"column":0},"end":{"line":1,"column":33}},"1":{"start":{"line":2,"column":0},"end":{"line":2,"column":44}},"2":{"start":{"line":3,"column":0},"end":{"line":3,"column":28}},"3":{"start":{"line":4,"column":0},"end":{"line":4,"column":21}},"4":{"start":{"line":5,"column":0},"end":{"line":5,"column":0}},"5":{"start":{"line":6,"column":0},"end":{"line":6,"column":52}},"6":{"start":{"line":7,"column":0},"end":{"line":7,"column":14}},"7":{"start":{"line":8,"column":0},"end":{"line":8,"column":11}},"8":{"start":{"line":9,"column":0},"end":{"line":9,"column":16}},"9":{"start":{"line":10,"column":0},"end":{"line":10,"column":2}}},"s":{"0":0,"1":0,"2":0,"3":0,"4":0,"5":0,"6":0,"7":0,"8":0,"9":0},"branchMap":{"0":{"type":"branch","line":1,"loc":{"start":{"line":1,"column":230},"end":{"line":10,"column":2}},"locations":[{"start":{"line":1,"column":230},"end":{"line":10,"column":2}}]}},"b":{"0":[0]},"fnMap":{"0":{"name":"(empty-report)","decl":{"start":{"line":1,"column":230},"end":{"line":10,"column":2}},"loc":{"start":{"line":1,"column":230},"end":{"line":10,"column":2}},"line":1}},"f":{"0":0}}
,"/home/guest1user1/Documentos/workspace_antigravity/games/v2/plantogen/src/lib/utils.ts": {"path":"/home/guest1user1/Documentos/workspace_antigravity/games/v2/plantogen/src/lib/utils.ts","all":false,"statementMap":{"0":{"start":{"line":1,"column":0},"end":{"line":1,"column":45}},"1":{"start":{"line":2,"column":0},"end":{"line":2,"column":41}},"2":{"start":{"line":3,"column":0},"end":{"line":3,"column":0}},"3":{"start":{"line":4,"column":0},"end":{"line":4,"column":45}},"4":{"start":{"line":5,"column":0},"end":{"line":5,"column":31}},"5":{"start":{"line":6,"column":0},"end":{"line":6,"column":1}}},"s":{"0":1,"1":1,"2":1,"3":1,"4":1604,"5":1604},"branchMap":{"0":{"type":"branch","line":4,"loc":{"start":{"line":4,"column":7},"end":{"line":6,"column":1}},"locations":[{"start":{"line":4,"column":7},"end":{"line":6,"column":1}}]}},"b":{"0":[1604]},"fnMap":{"0":{"name":"cn","decl":{"start":{"line":4,"column":7},"end":{"line":6,"column":1}},"loc":{"start":{"line":4,"column":7},"end":{"line":6,"column":1}},"line":4}},"f":{"0":1604}}
,"/home/guest1user1/Documentos/workspace_antigravity/games/v2/plantogen/src/utils/logger.ts": {"path":"/home/guest1user1/Documentos/workspace_antigravity/games/v2/plantogen/src/utils/logger.ts","all":false,"statementMap":{"0":{"start":{"line":1,"column":0},"end":{"line":1,"column":3}},"1":{"start":{"line":2,"column":0},"end":{"line":2,"column":42}},"2":{"start":{"line":3,"column":0},"end":{"line":3,"column":53}},"3":{"start":{"line":4,"column":0},"end":{"line":4,"column":3}},"4":{"start":{"line":5,"column":0},"end":{"line":5,"column":0}},"5":{"start":{"line":6,"column":0},"end":{"line":6,"column":42}},"6":{"start":{"line":7,"column":0},"end":{"line":7,"column":0}},"7":{"start":{"line":8,"column":0},"end":{"line":8,"column":20}},"8":{"start":{"line":9,"column":0},"end":{"line":9,"column":22}},"9":{"start":{"line":10,"column":0},"end":{"line":10,"column":20}},"10":{"start":{"line":11,"column":0},"end":{"line":11,"column":20}},"11":{"start":{"line":12,"column":0},"end":{"line":12,"column":18}},"12":{"start":{"line":13,"column":0},"end":{"line":13,"column":1}},"13":{"start":{"line":14,"column":0},"end":{"line":14,"column":0}},"14":{"start":{"line":15,"column":0},"end":{"line":15,"column":14}},"15":{"start":{"line":16,"column":0},"end":{"line":16,"column":36}},"16":{"start":{"line":17,"column":0},"end":{"line":17,"column":0}},"17":{"start":{"line":18,"column":0},"end":{"line":18,"column":29}},"18":{"start":{"line":19,"column":0},"end":{"line":19,"column":0}},"19":{"start":{"line":20,"column":0},"end":{"line":20,"column":41}},"20":{"start":{"line":21,"column":0},"end":{"line":21,"column":31}},"21":{"start":{"line":22,"column":0},"end":{"line":22,"column":43}},"22":{"start":{"line":23,"column":0},"end":{"line":23,"column":9}},"23":{"start":{"line":24,"column":0},"end":{"line":24,"column":31}},"24":{"start":{"line":25,"column":0},"end":{"line":25,"column":5}},"25":{"start":{"line":26,"column":0},"end":{"line":26,"column":0}},"26":{"start":{"line":27,"column":0},"end":{"line":27,"column":86}},"27":{"start":{"line":28,"column":0},"end":{"line":28,"column":16}},"28":{"start":{"line":29,"column":0},"end":{"line":29,"column":48}},"29":{"start":{"line":30,"column":0},"end":{"line":30,"column":18}},"30":{"start":{"line":31,"column":0},"end":{"line":31,"column":20}},"31":{"start":{"line":32,"column":0},"end":{"line":32,"column":20}},"32":{"start":{"line":33,"column":0},"end":{"line":33,"column":10}},"33":{"start":{"line":34,"column":0},"end":{"line":34,"column":5}},"34":{"start":{"line":35,"column":0},"end":{"line":35,"column":0}},"35":{"start":{"line":36,"column":0},"end":{"line":36,"column":49}},"36":{"start":{"line":37,"column":0},"end":{"line":37,"column":65}},"37":{"start":{"line":38,"column":0},"end":{"line":38,"column":75}},"38":{"start":{"line":39,"column":0},"end":{"line":39,"column":93}},"39":{"start":{"line":40,"column":0},"end":{"line":40,"column":5}},"40":{"start":{"line":41,"column":0},"end":{"line":41,"column":0}},"41":{"start":{"line":42,"column":0},"end":{"line":42,"column":49}},"42":{"start":{"line":43,"column":0},"end":{"line":43,"column":65}},"43":{"start":{"line":44,"column":0},"end":{"line":44,"column":75}},"44":{"start":{"line":45,"column":0},"end":{"line":45,"column":5}},"45":{"start":{"line":46,"column":0},"end":{"line":46,"column":0}},"46":{"start":{"line":47,"column":0},"end":{"line":47,"column":50}},"47":{"start":{"line":48,"column":0},"end":{"line":48,"column":66}},"48":{"start":{"line":49,"column":0},"end":{"line":49,"column":77}},"49":{"start":{"line":50,"column":0},"end":{"line":50,"column":5}},"50":{"start":{"line":51,"column":0},"end":{"line":51,"column":0}},"51":{"start":{"line":52,"column":0},"end":{"line":52,"column":58}},"52":{"start":{"line":53,"column":0},"end":{"line":53,"column":76}},"53":{"start":{"line":54,"column":0},"end":{"line":54,"column":5}},"54":{"start":{"line":55,"column":0},"end":{"line":55,"column":1}},"55":{"start":{"line":56,"column":0},"end":{"line":56,"column":0}},"56":{"start":{"line":57,"column":0},"end":{"line":57,"column":43}}},"s":{"0":1,"1":1,"2":1,"3":1,"4":1,"5":1,"6":1,"7":1,"8":1,"9":1,"10":1,"11":1,"12":1,"13":1,"14":1,"15":1,"16":1,"17":1,"18":1,"19":1,"20":1,"21":1,"22":1,"23":1,"24":1,"25":1,"26":1,"27":0,"28":0,"29":0,"30":0,"31":0,"32":0,"33":0,"34":1,"35":1,"36":0,"37":0,"38":0,"39":0,"40":1,"41":1,"42":0,"43":0,"44":0,"45":1,"46":1,"47":0,"48":0,"49":0,"50":1,"51":1,"52":0,"53":0,"54":1,"55":1,"56":1},"branchMap":{"0":{"type":"branch","line":18,"loc":{"start":{"line":18,"column":12},"end":{"line":18,"column":29}},"locations":[{"start":{"line":18,"column":12},"end":{"line":18,"column":29}}]},"1":{"type":"branch","line":20,"loc":{"start":{"line":20,"column":18},"end":{"line":25,"column":5}},"locations":[{"start":{"line":20,"column":18},"end":{"line":25,"column":5}}]}},"b":{"0":[1],"1":[1]},"fnMap":{"0":{"name":"Logger","decl":{"start":{"line":18,"column":12},"end":{"line":18,"column":29}},"loc":{"start":{"line":18,"column":12},"end":{"line":18,"column":29}},"line":18},"1":{"name":"getInstance","decl":{"start":{"line":20,"column":18},"end":{"line":25,"column":5}},"loc":{"start":{"line":20,"column":18},"end":{"line":25,"column":5}},"line":20},"2":{"name":"formatMessage","decl":{"start":{"line":27,"column":12},"end":{"line":34,"column":5}},"loc":{"start":{"line":27,"column":12},"end":{"line":34,"column":5}},"line":27},"3":{"name":"info","decl":{"start":{"line":36,"column":11},"end":{"line":40,"column":5}},"loc":{"start":{"line":36,"column":11},"end":{"line":40,"column":5}},"line":36},"4":{"name":"warn","decl":{"start":{"line":42,"column":11},"end":{"line":45,"column":5}},"loc":{"start":{"line":42,"column":11},"end":{"line":45,"column":5}},"line":42},"5":{"name":"error","decl":{"start":{"line":47,"column":11},"end":{"line":50,"column":5}},"loc":{"start":{"line":47,"column":11},"end":{"line":50,"column":5}},"line":47},"6":{"name":"logPerformance","decl":{"start":{"line":52,"column":11},"end":{"line":54,"column":5}},"loc":{"start":{"line":52,"column":11},"end":{"line":54,"column":5}},"line":52}},"f":{"0":1,"1":1,"2":0,"3":0,"4":0,"5":0,"6":0}}
}
